{"C:\\Users\\VICTUS\\Programacion\\move360-frontend\\src\\components\\charts\\Chart\\Chart.tsx": {"path":"C:\\Users\\VICTUS\\Programacion\\move360-frontend\\src\\components\\charts\\Chart\\Chart.tsx","statementMap":{"0":{"start":{"line":48,"column":15},"end":{"line":57,"column":null}},"1":{"start":{"line":59,"column":6},"end":{"line":65,"column":null}},"2":{"start":{"line":60,"column":13},"end":{"line":60,"column":null}},"3":{"start":{"line":61,"column":2},"end":{"line":63,"column":null}},"4":{"start":{"line":61,"column":19},"end":{"line":61,"column":22}},"5":{"start":{"line":62,"column":4},"end":{"line":62,"column":null}},"6":{"start":{"line":64,"column":2},"end":{"line":64,"column":null}},"7":{"start":{"line":67,"column":6},"end":{"line":78,"column":null}},"8":{"start":{"line":68,"column":17},"end":{"line":68,"column":null}},"9":{"start":{"line":69,"column":14},"end":{"line":69,"column":null}},"10":{"start":{"line":71,"column":2},"end":{"line":75,"column":null}},"11":{"start":{"line":71,"column":19},"end":{"line":71,"column":38}},"12":{"start":{"line":72,"column":4},"end":{"line":72,"column":null}},"13":{"start":{"line":73,"column":22},"end":{"line":73,"column":null}},"14":{"start":{"line":74,"column":4},"end":{"line":74,"column":null}},"15":{"start":{"line":77,"column":2},"end":{"line":77,"column":null}},"16":{"start":{"line":80,"column":6},"end":{"line":83,"column":null}},"17":{"start":{"line":81,"column":21},"end":{"line":81,"column":null}},"18":{"start":{"line":81,"column":47},"end":{"line":81,"column":75}},"19":{"start":{"line":82,"column":2},"end":{"line":82,"column":null}},"20":{"start":{"line":85,"column":31},"end":{"line":88,"column":null}},"21":{"start":{"line":90,"column":28},"end":{"line":90,"column":null}},"22":{"start":{"line":92,"column":6},"end":{"line":95,"column":null}},"23":{"start":{"line":93,"column":23},"end":{"line":93,"column":null}},"24":{"start":{"line":94,"column":2},"end":{"line":94,"column":null}},"25":{"start":{"line":97,"column":6},"end":{"line":100,"column":null}},"26":{"start":{"line":98,"column":2},"end":{"line":98,"column":null}},"27":{"start":{"line":98,"column":27},"end":{"line":98,"column":null}},"28":{"start":{"line":99,"column":2},"end":{"line":99,"column":null}},"29":{"start":{"line":102,"column":23},"end":{"line":104,"column":null}},"30":{"start":{"line":106,"column":6},"end":{"line":106,"column":null}},"31":{"start":{"line":106,"column":47},"end":{"line":106,"column":null}},"32":{"start":{"line":108,"column":6},"end":{"line":112,"column":null}},"33":{"start":{"line":109,"column":2},"end":{"line":109,"column":null}},"34":{"start":{"line":109,"column":27},"end":{"line":109,"column":null}},"35":{"start":{"line":110,"column":23},"end":{"line":110,"column":null}},"36":{"start":{"line":111,"column":2},"end":{"line":111,"column":null}},"37":{"start":{"line":114,"column":42},"end":{"line":118,"column":null}},"38":{"start":{"line":121,"column":17},"end":{"line":121,"column":null}},"39":{"start":{"line":122,"column":27},"end":{"line":122,"column":null}},"40":{"start":{"line":125,"column":6},"end":{"line":163,"column":null}},"41":{"start":{"line":126,"column":2},"end":{"line":126,"column":null}},"42":{"start":{"line":126,"column":51},"end":{"line":126,"column":null}},"43":{"start":{"line":127,"column":23},"end":{"line":127,"column":null}},"44":{"start":{"line":128,"column":2},"end":{"line":161,"column":null}},"45":{"start":{"line":150,"column":10},"end":{"line":158,"column":null}},"46":{"start":{"line":165,"column":13},"end":{"line":384,"column":null}},"47":{"start":{"line":177,"column":22},"end":{"line":177,"column":null}},"48":{"start":{"line":178,"column":18},"end":{"line":178,"column":null}},"49":{"start":{"line":179,"column":23},"end":{"line":179,"column":null}},"50":{"start":{"line":180,"column":26},"end":{"line":180,"column":null}},"51":{"start":{"line":181,"column":19},"end":{"line":181,"column":null}},"52":{"start":{"line":182,"column":20},"end":{"line":182,"column":null}},"53":{"start":{"line":183,"column":21},"end":{"line":183,"column":null}},"54":{"start":{"line":184,"column":21},"end":{"line":184,"column":null}},"55":{"start":{"line":186,"column":8},"end":{"line":230,"column":null}},"56":{"start":{"line":187,"column":4},"end":{"line":230,"column":null}},"57":{"start":{"line":202,"column":16},"end":{"line":207,"column":null}},"58":{"start":{"line":217,"column":10},"end":{"line":227,"column":null}},"59":{"start":{"line":233,"column":8},"end":{"line":266,"column":null}},"60":{"start":{"line":234,"column":4},"end":{"line":266,"column":null}},"61":{"start":{"line":243,"column":12},"end":{"line":252,"column":null}},"62":{"start":{"line":269,"column":8},"end":{"line":289,"column":null}},"63":{"start":{"line":270,"column":4},"end":{"line":289,"column":null}},"64":{"start":{"line":279,"column":12},"end":{"line":279,"column":null}},"65":{"start":{"line":284,"column":14},"end":{"line":284,"column":null}},"66":{"start":{"line":292,"column":8},"end":{"line":332,"column":null}},"67":{"start":{"line":293,"column":21},"end":{"line":293,"column":null}},"68":{"start":{"line":293,"column":52},"end":{"line":293,"column":75}},"69":{"start":{"line":295,"column":4},"end":{"line":330,"column":null}},"70":{"start":{"line":301,"column":24},"end":{"line":301,"column":null}},"71":{"start":{"line":302,"column":24},"end":{"line":302,"column":null}},"72":{"start":{"line":304,"column":10},"end":{"line":327,"column":null}},"73":{"start":{"line":334,"column":8},"end":{"line":363,"column":null}},"74":{"start":{"line":335,"column":4},"end":{"line":347,"column":null}},"75":{"start":{"line":336,"column":6},"end":{"line":345,"column":null}},"76":{"start":{"line":348,"column":4},"end":{"line":358,"column":null}},"77":{"start":{"line":349,"column":6},"end":{"line":356,"column":null}},"78":{"start":{"line":359,"column":4},"end":{"line":359,"column":null}},"79":{"start":{"line":359,"column":26},"end":{"line":359,"column":null}},"80":{"start":{"line":360,"column":4},"end":{"line":360,"column":null}},"81":{"start":{"line":360,"column":25},"end":{"line":360,"column":null}},"82":{"start":{"line":361,"column":4},"end":{"line":361,"column":null}},"83":{"start":{"line":361,"column":28},"end":{"line":361,"column":null}},"84":{"start":{"line":362,"column":4},"end":{"line":362,"column":null}},"85":{"start":{"line":365,"column":2},"end":{"line":382,"column":null}}},"fnMap":{"0":{"name":"(anonymous_0)","decl":{"start":{"line":59,"column":6},"end":{"line":59,"column":20}},"loc":{"start":{"line":59,"column":38},"end":{"line":65,"column":null}},"line":59},"1":{"name":"(anonymous_1)","decl":{"start":{"line":67,"column":6},"end":{"line":67,"column":23}},"loc":{"start":{"line":67,"column":40},"end":{"line":78,"column":null}},"line":67},"2":{"name":"(anonymous_2)","decl":{"start":{"line":80,"column":6},"end":{"line":80,"column":24}},"loc":{"start":{"line":80,"column":61},"end":{"line":83,"column":null}},"line":80},"3":{"name":"(anonymous_3)","decl":{"start":{"line":81,"column":26},"end":{"line":81,"column":31}},"loc":{"start":{"line":81,"column":47},"end":{"line":81,"column":75}},"line":81},"4":{"name":"(anonymous_4)","decl":{"start":{"line":92,"column":6},"end":{"line":92,"column":29}},"loc":{"start":{"line":92,"column":56},"end":{"line":95,"column":null}},"line":92},"5":{"name":"(anonymous_5)","decl":{"start":{"line":97,"column":6},"end":{"line":97,"column":29}},"loc":{"start":{"line":97,"column":68},"end":{"line":100,"column":null}},"line":97},"6":{"name":"(anonymous_6)","decl":{"start":{"line":106,"column":6},"end":{"line":106,"column":21}},"loc":{"start":{"line":106,"column":47},"end":{"line":106,"column":null}},"line":106},"7":{"name":"(anonymous_7)","decl":{"start":{"line":108,"column":6},"end":{"line":108,"column":22}},"loc":{"start":{"line":108,"column":69},"end":{"line":112,"column":null}},"line":108},"8":{"name":"(anonymous_8)","decl":{"start":{"line":125,"column":6},"end":{"line":125,"column":19}},"loc":{"start":{"line":125,"column":66},"end":{"line":163,"column":null}},"line":125},"9":{"name":"(anonymous_9)","decl":{"start":{"line":149,"column":17},"end":{"line":149,"column":22}},"loc":{"start":{"line":150,"column":10},"end":{"line":158,"column":null}},"line":150},"10":{"name":"(anonymous_10)","decl":{"start":{"line":165,"column":13},"end":{"line":165,"column":22}},"loc":{"start":{"line":176,"column":18},"end":{"line":384,"column":null}},"line":176},"11":{"name":"(anonymous_11)","decl":{"start":{"line":186,"column":8},"end":{"line":186,"column":null}},"loc":{"start":{"line":187,"column":4},"end":{"line":230,"column":null}},"line":187},"12":{"name":"(anonymous_12)","decl":{"start":{"line":201,"column":20},"end":{"line":201,"column":25}},"loc":{"start":{"line":202,"column":16},"end":{"line":207,"column":null}},"line":202},"13":{"name":"(anonymous_13)","decl":{"start":{"line":216,"column":14},"end":{"line":216,"column":19}},"loc":{"start":{"line":217,"column":10},"end":{"line":227,"column":null}},"line":217},"14":{"name":"(anonymous_14)","decl":{"start":{"line":233,"column":8},"end":{"line":233,"column":null}},"loc":{"start":{"line":234,"column":4},"end":{"line":266,"column":null}},"line":234},"15":{"name":"(anonymous_15)","decl":{"start":{"line":242,"column":17},"end":{"line":242,"column":22}},"loc":{"start":{"line":243,"column":12},"end":{"line":252,"column":null}},"line":243},"16":{"name":"(anonymous_16)","decl":{"start":{"line":269,"column":8},"end":{"line":269,"column":null}},"loc":{"start":{"line":270,"column":4},"end":{"line":289,"column":null}},"line":270},"17":{"name":"(anonymous_17)","decl":{"start":{"line":278,"column":17},"end":{"line":278,"column":22}},"loc":{"start":{"line":279,"column":12},"end":{"line":279,"column":null}},"line":279},"18":{"name":"(anonymous_18)","decl":{"start":{"line":283,"column":18},"end":{"line":283,"column":23}},"loc":{"start":{"line":284,"column":14},"end":{"line":284,"column":null}},"line":284},"19":{"name":"(anonymous_19)","decl":{"start":{"line":292,"column":8},"end":{"line":292,"column":30}},"loc":{"start":{"line":292,"column":30},"end":{"line":332,"column":null}},"line":292},"20":{"name":"(anonymous_20)","decl":{"start":{"line":293,"column":38},"end":{"line":293,"column":43}},"loc":{"start":{"line":293,"column":52},"end":{"line":293,"column":75}},"line":293},"21":{"name":"(anonymous_21)","decl":{"start":{"line":300,"column":14},"end":{"line":300,"column":19}},"loc":{"start":{"line":300,"column":35},"end":{"line":329,"column":9}},"line":300},"22":{"name":"(anonymous_22)","decl":{"start":{"line":334,"column":8},"end":{"line":334,"column":27}},"loc":{"start":{"line":334,"column":27},"end":{"line":363,"column":null}},"line":334}},"branchMap":{"0":{"loc":{"start":{"line":64,"column":9},"end":{"line":64,"column":null}},"type":"binary-expr","locations":[{"start":{"line":64,"column":9},"end":{"line":64,"column":17}},{"start":{"line":64,"column":17},"end":{"line":64,"column":null}}],"line":64},"1":{"loc":{"start":{"line":81,"column":47},"end":{"line":81,"column":75}},"type":"binary-expr","locations":[{"start":{"line":81,"column":47},"end":{"line":81,"column":60}},{"start":{"line":81,"column":60},"end":{"line":81,"column":75}}],"line":81},"2":{"loc":{"start":{"line":94,"column":9},"end":{"line":94,"column":null}},"type":"cond-expr","locations":[{"start":{"line":94,"column":41},"end":{"line":94,"column":87}},{"start":{"line":94,"column":87},"end":{"line":94,"column":null}}],"line":94},"3":{"loc":{"start":{"line":98,"column":2},"end":{"line":98,"column":null}},"type":"if","locations":[{"start":{"line":98,"column":2},"end":{"line":98,"column":null}},{"start":{},"end":{}}],"line":98},"4":{"loc":{"start":{"line":109,"column":2},"end":{"line":109,"column":null}},"type":"if","locations":[{"start":{"line":109,"column":2},"end":{"line":109,"column":null}},{"start":{},"end":{}}],"line":109},"5":{"loc":{"start":{"line":111,"column":9},"end":{"line":111,"column":null}},"type":"cond-expr","locations":[{"start":{"line":111,"column":41},"end":{"line":111,"column":84}},{"start":{"line":111,"column":84},"end":{"line":111,"column":null}}],"line":111},"6":{"loc":{"start":{"line":126,"column":2},"end":{"line":126,"column":null}},"type":"if","locations":[{"start":{"line":126,"column":2},"end":{"line":126,"column":null}},{"start":{},"end":{}}],"line":126},"7":{"loc":{"start":{"line":126,"column":6},"end":{"line":126,"column":51}},"type":"binary-expr","locations":[{"start":{"line":126,"column":6},"end":{"line":126,"column":17}},{"start":{"line":126,"column":17},"end":{"line":126,"column":29}},{"start":{"line":126,"column":29},"end":{"line":126,"column":51}}],"line":126},"8":{"loc":{"start":{"line":127,"column":23},"end":{"line":127,"column":null}},"type":"binary-expr","locations":[{"start":{"line":127,"column":23},"end":{"line":127,"column":55}},{"start":{"line":127,"column":55},"end":{"line":127,"column":null}}],"line":127},"9":{"loc":{"start":{"line":151,"column":20},"end":{"line":151,"column":null}},"type":"binary-expr","locations":[{"start":{"line":151,"column":20},"end":{"line":151,"column":35}},{"start":{"line":151,"column":35},"end":{"line":151,"column":null}}],"line":151},"10":{"loc":{"start":{"line":167,"column":2},"end":{"line":167,"column":null}},"type":"default-arg","locations":[{"start":{"line":167,"column":10},"end":{"line":167,"column":null}}],"line":167},"11":{"loc":{"start":{"line":170,"column":2},"end":{"line":170,"column":null}},"type":"default-arg","locations":[{"start":{"line":170,"column":16},"end":{"line":170,"column":null}}],"line":170},"12":{"loc":{"start":{"line":172,"column":2},"end":{"line":172,"column":null}},"type":"default-arg","locations":[{"start":{"line":172,"column":9},"end":{"line":172,"column":null}}],"line":172},"13":{"loc":{"start":{"line":174,"column":2},"end":{"line":174,"column":null}},"type":"default-arg","locations":[{"start":{"line":174,"column":14},"end":{"line":174,"column":null}}],"line":174},"14":{"loc":{"start":{"line":178,"column":18},"end":{"line":178,"column":null}},"type":"binary-expr","locations":[{"start":{"line":178,"column":18},"end":{"line":178,"column":27}},{"start":{"line":178,"column":27},"end":{"line":178,"column":null}}],"line":178},"15":{"loc":{"start":{"line":179,"column":23},"end":{"line":179,"column":null}},"type":"cond-expr","locations":[{"start":{"line":179,"column":34},"end":{"line":179,"column":39}},{"start":{"line":179,"column":39},"end":{"line":179,"column":null}}],"line":179},"16":{"loc":{"start":{"line":182,"column":20},"end":{"line":182,"column":null}},"type":"cond-expr","locations":[{"start":{"line":182,"column":31},"end":{"line":182,"column":50}},{"start":{"line":182,"column":50},"end":{"line":182,"column":null}}],"line":182},"17":{"loc":{"start":{"line":183,"column":21},"end":{"line":183,"column":null}},"type":"cond-expr","locations":[{"start":{"line":183,"column":37},"end":{"line":183,"column":54}},{"start":{"line":183,"column":54},"end":{"line":183,"column":null}}],"line":183},"18":{"loc":{"start":{"line":183,"column":54},"end":{"line":183,"column":null}},"type":"cond-expr","locations":[{"start":{"line":183,"column":70},"end":{"line":183,"column":86}},{"start":{"line":183,"column":86},"end":{"line":183,"column":null}}],"line":183},"19":{"loc":{"start":{"line":184,"column":21},"end":{"line":184,"column":null}},"type":"cond-expr","locations":[{"start":{"line":184,"column":37},"end":{"line":184,"column":43}},{"start":{"line":184,"column":43},"end":{"line":184,"column":null}}],"line":184},"20":{"loc":{"start":{"line":184,"column":43},"end":{"line":184,"column":null}},"type":"cond-expr","locations":[{"start":{"line":184,"column":59},"end":{"line":184,"column":65}},{"start":{"line":184,"column":65},"end":{"line":184,"column":null}}],"line":184},"21":{"loc":{"start":{"line":203,"column":32},"end":{"line":203,"column":null}},"type":"binary-expr","locations":[{"start":{"line":203,"column":32},"end":{"line":203,"column":45}},{"start":{"line":203,"column":45},"end":{"line":203,"column":null}}],"line":203},"22":{"loc":{"start":{"line":241,"column":9},"end":{"line":263,"column":null}},"type":"cond-expr","locations":[{"start":{"line":242,"column":10},"end":{"line":253,"column":null}},{"start":{"line":255,"column":10},"end":{"line":263,"column":null}}],"line":241},"23":{"loc":{"start":{"line":277,"column":9},"end":{"line":286,"column":null}},"type":"cond-expr","locations":[{"start":{"line":278,"column":10},"end":{"line":280,"column":null}},{"start":{"line":282,"column":10},"end":{"line":286,"column":null}}],"line":277},"24":{"loc":{"start":{"line":284,"column":32},"end":{"line":284,"column":54}},"type":"binary-expr","locations":[{"start":{"line":284,"column":32},"end":{"line":284,"column":45}},{"start":{"line":284,"column":45},"end":{"line":284,"column":54}}],"line":284},"25":{"loc":{"start":{"line":293,"column":52},"end":{"line":293,"column":75}},"type":"binary-expr","locations":[{"start":{"line":293,"column":52},"end":{"line":293,"column":74}},{"start":{"line":293,"column":74},"end":{"line":293,"column":75}}],"line":293},"26":{"loc":{"start":{"line":301,"column":24},"end":{"line":301,"column":null}},"type":"binary-expr","locations":[{"start":{"line":301,"column":24},"end":{"line":301,"column":46}},{"start":{"line":301,"column":46},"end":{"line":301,"column":null}}],"line":301},"27":{"loc":{"start":{"line":302,"column":24},"end":{"line":302,"column":null}},"type":"cond-expr","locations":[{"start":{"line":302,"column":39},"end":{"line":302,"column":85}},{"start":{"line":302,"column":85},"end":{"line":302,"column":null}}],"line":302},"28":{"loc":{"start":{"line":306,"column":22},"end":{"line":306,"column":45}},"type":"binary-expr","locations":[{"start":{"line":306,"column":22},"end":{"line":306,"column":35}},{"start":{"line":306,"column":35},"end":{"line":306,"column":45}}],"line":306},"29":{"loc":{"start":{"line":335,"column":4},"end":{"line":347,"column":null}},"type":"if","locations":[{"start":{"line":335,"column":4},"end":{"line":347,"column":null}},{"start":{},"end":{}}],"line":335},"30":{"loc":{"start":{"line":339,"column":11},"end":{"line":345,"column":null}},"type":"binary-expr","locations":[{"start":{"line":339,"column":11},"end":{"line":339,"column":null}},{"start":{"line":340,"column":12},"end":{"line":345,"column":null}}],"line":339},"31":{"loc":{"start":{"line":348,"column":4},"end":{"line":358,"column":null}},"type":"if","locations":[{"start":{"line":348,"column":4},"end":{"line":358,"column":null}},{"start":{},"end":{}}],"line":348},"32":{"loc":{"start":{"line":359,"column":4},"end":{"line":359,"column":null}},"type":"if","locations":[{"start":{"line":359,"column":4},"end":{"line":359,"column":null}},{"start":{},"end":{}}],"line":359},"33":{"loc":{"start":{"line":360,"column":4},"end":{"line":360,"column":null}},"type":"if","locations":[{"start":{"line":360,"column":4},"end":{"line":360,"column":null}},{"start":{},"end":{}}],"line":360},"34":{"loc":{"start":{"line":361,"column":4},"end":{"line":361,"column":null}},"type":"if","locations":[{"start":{"line":361,"column":4},"end":{"line":361,"column":null}},{"start":{},"end":{}}],"line":361},"35":{"loc":{"start":{"line":370,"column":11},"end":{"line":373,"column":null}},"type":"binary-expr","locations":[{"start":{"line":370,"column":11},"end":{"line":370,"column":null}},{"start":{"line":371,"column":12},"end":{"line":373,"column":null}}],"line":370},"36":{"loc":{"start":{"line":374,"column":9},"end":{"line":380,"column":null}},"type":"binary-expr","locations":[{"start":{"line":374,"column":9},"end":{"line":374,"column":null}},{"start":{"line":375,"column":10},"end":{"line":380,"column":null}}],"line":374},"37":{"loc":{"start":{"line":376,"column":13},"end":{"line":377,"column":13}},"type":"binary-expr","locations":[{"start":{"line":376,"column":13},"end":{"line":376,"column":27}},{"start":{"line":376,"column":27},"end":{"line":377,"column":13}}],"line":376}},"s":{"0":1,"1":1,"2":0,"3":0,"4":0,"5":0,"6":0,"7":1,"8":0,"9":0,"10":0,"11":0,"12":0,"13":0,"14":0,"15":0,"16":1,"17":0,"18":0,"19":0,"20":1,"21":1,"22":1,"23":0,"24":0,"25":1,"26":0,"27":0,"28":0,"29":1,"30":1,"31":0,"32":1,"33":0,"34":0,"35":0,"36":0,"37":1,"38":1,"39":1,"40":1,"41":0,"42":0,"43":0,"44":0,"45":0,"46":1,"47":0,"48":0,"49":0,"50":0,"51":0,"52":0,"53":0,"54":0,"55":0,"56":0,"57":0,"58":0,"59":0,"60":0,"61":0,"62":0,"63":0,"64":0,"65":0,"66":0,"67":0,"68":0,"69":0,"70":0,"71":0,"72":0,"73":0,"74":0,"75":0,"76":0,"77":0,"78":0,"79":0,"80":0,"81":0,"82":0,"83":0,"84":0,"85":0},"f":{"0":0,"1":0,"2":0,"3":0,"4":0,"5":0,"6":0,"7":0,"8":0,"9":0,"10":0,"11":0,"12":0,"13":0,"14":0,"15":0,"16":0,"17":0,"18":0,"19":0,"20":0,"21":0,"22":0},"b":{"0":[0,0],"1":[0,0],"2":[0,0],"3":[0,0],"4":[0,0],"5":[0,0],"6":[0,0],"7":[0,0,0],"8":[0,0],"9":[0,0],"10":[0],"11":[0],"12":[0],"13":[0],"14":[0,0],"15":[0,0],"16":[0,0],"17":[0,0],"18":[0,0],"19":[0,0],"20":[0,0],"21":[0,0],"22":[0,0],"23":[0,0],"24":[0,0],"25":[0,0],"26":[0,0],"27":[0,0],"28":[0,0],"29":[0,0],"30":[0,0],"31":[0,0],"32":[0,0],"33":[0,0],"34":[0,0],"35":[0,0],"36":[0,0],"37":[0,0]},"meta":{"lastBranch":38,"lastFunction":23,"lastStatement":86,"seen":{"s:48:15:57:Infinity":0,"s:59:6:65:Infinity":1,"f:59:6:59:20":0,"s:60:13:60:Infinity":2,"s:61:2:63:Infinity":3,"s:61:19:61:22":4,"s:62:4:62:Infinity":5,"s:64:2:64:Infinity":6,"b:64:9:64:17:64:17:64:Infinity":0,"s:67:6:78:Infinity":7,"f:67:6:67:23":1,"s:68:17:68:Infinity":8,"s:69:14:69:Infinity":9,"s:71:2:75:Infinity":10,"s:71:19:71:38":11,"s:72:4:72:Infinity":12,"s:73:22:73:Infinity":13,"s:74:4:74:Infinity":14,"s:77:2:77:Infinity":15,"s:80:6:83:Infinity":16,"f:80:6:80:24":2,"s:81:21:81:Infinity":17,"f:81:26:81:31":3,"s:81:47:81:75":18,"b:81:47:81:60:81:60:81:75":1,"s:82:2:82:Infinity":19,"s:85:31:88:Infinity":20,"s:90:28:90:Infinity":21,"s:92:6:95:Infinity":22,"f:92:6:92:29":4,"s:93:23:93:Infinity":23,"s:94:2:94:Infinity":24,"b:94:41:94:87:94:87:94:Infinity":2,"s:97:6:100:Infinity":25,"f:97:6:97:29":5,"b:98:2:98:Infinity:undefined:undefined:undefined:undefined":3,"s:98:2:98:Infinity":26,"s:98:27:98:Infinity":27,"s:99:2:99:Infinity":28,"s:102:23:104:Infinity":29,"s:106:6:106:Infinity":30,"f:106:6:106:21":6,"s:106:47:106:Infinity":31,"s:108:6:112:Infinity":32,"f:108:6:108:22":7,"b:109:2:109:Infinity:undefined:undefined:undefined:undefined":4,"s:109:2:109:Infinity":33,"s:109:27:109:Infinity":34,"s:110:23:110:Infinity":35,"s:111:2:111:Infinity":36,"b:111:41:111:84:111:84:111:Infinity":5,"s:114:42:118:Infinity":37,"s:121:17:121:Infinity":38,"s:122:27:122:Infinity":39,"s:125:6:163:Infinity":40,"f:125:6:125:19":8,"b:126:2:126:Infinity:undefined:undefined:undefined:undefined":6,"s:126:2:126:Infinity":41,"b:126:6:126:17:126:17:126:29:126:29:126:51":7,"s:126:51:126:Infinity":42,"s:127:23:127:Infinity":43,"b:127:23:127:55:127:55:127:Infinity":8,"s:128:2:161:Infinity":44,"f:149:17:149:22":9,"s:150:10:158:Infinity":45,"b:151:20:151:35:151:35:151:Infinity":9,"s:165:13:384:Infinity":46,"f:165:13:165:22":10,"b:167:10:167:Infinity":10,"b:170:16:170:Infinity":11,"b:172:9:172:Infinity":12,"b:174:14:174:Infinity":13,"s:177:22:177:Infinity":47,"s:178:18:178:Infinity":48,"b:178:18:178:27:178:27:178:Infinity":14,"s:179:23:179:Infinity":49,"b:179:34:179:39:179:39:179:Infinity":15,"s:180:26:180:Infinity":50,"s:181:19:181:Infinity":51,"s:182:20:182:Infinity":52,"b:182:31:182:50:182:50:182:Infinity":16,"s:183:21:183:Infinity":53,"b:183:37:183:54:183:54:183:Infinity":17,"b:183:70:183:86:183:86:183:Infinity":18,"s:184:21:184:Infinity":54,"b:184:37:184:43:184:43:184:Infinity":19,"b:184:59:184:65:184:65:184:Infinity":20,"s:186:8:230:Infinity":55,"f:186:8:186:Infinity":11,"s:187:4:230:Infinity":56,"f:201:20:201:25":12,"s:202:16:207:Infinity":57,"b:203:32:203:45:203:45:203:Infinity":21,"f:216:14:216:19":13,"s:217:10:227:Infinity":58,"s:233:8:266:Infinity":59,"f:233:8:233:Infinity":14,"s:234:4:266:Infinity":60,"b:242:10:253:Infinity:255:10:263:Infinity":22,"f:242:17:242:22":15,"s:243:12:252:Infinity":61,"s:269:8:289:Infinity":62,"f:269:8:269:Infinity":16,"s:270:4:289:Infinity":63,"b:278:10:280:Infinity:282:10:286:Infinity":23,"f:278:17:278:22":17,"s:279:12:279:Infinity":64,"f:283:18:283:23":18,"s:284:14:284:Infinity":65,"b:284:32:284:45:284:45:284:54":24,"s:292:8:332:Infinity":66,"f:292:8:292:30":19,"s:293:21:293:Infinity":67,"f:293:38:293:43":20,"s:293:52:293:75":68,"b:293:52:293:74:293:74:293:75":25,"s:295:4:330:Infinity":69,"f:300:14:300:19":21,"s:301:24:301:Infinity":70,"b:301:24:301:46:301:46:301:Infinity":26,"s:302:24:302:Infinity":71,"b:302:39:302:85:302:85:302:Infinity":27,"s:304:10:327:Infinity":72,"b:306:22:306:35:306:35:306:45":28,"s:334:8:363:Infinity":73,"f:334:8:334:27":22,"b:335:4:347:Infinity:undefined:undefined:undefined:undefined":29,"s:335:4:347:Infinity":74,"s:336:6:345:Infinity":75,"b:339:11:339:Infinity:340:12:345:Infinity":30,"b:348:4:358:Infinity:undefined:undefined:undefined:undefined":31,"s:348:4:358:Infinity":76,"s:349:6:356:Infinity":77,"b:359:4:359:Infinity:undefined:undefined:undefined:undefined":32,"s:359:4:359:Infinity":78,"s:359:26:359:Infinity":79,"b:360:4:360:Infinity:undefined:undefined:undefined:undefined":33,"s:360:4:360:Infinity":80,"s:360:25:360:Infinity":81,"b:361:4:361:Infinity:undefined:undefined:undefined:undefined":34,"s:361:4:361:Infinity":82,"s:361:28:361:Infinity":83,"s:362:4:362:Infinity":84,"s:365:2:382:Infinity":85,"b:370:11:370:Infinity:371:12:373:Infinity":35,"b:374:9:374:Infinity:375:10:380:Infinity":36,"b:376:13:376:27:376:27:377:13":37},"fnNames":{}}}
,"C:\\Users\\VICTUS\\Programacion\\move360-frontend\\src\\components\\common\\ActionMenu\\ActionMenu.tsx": {"path":"C:\\Users\\VICTUS\\Programacion\\move360-frontend\\src\\components\\common\\ActionMenu\\ActionMenu.tsx","statementMap":{"0":{"start":{"line":12,"column":13},"end":{"line":90,"column":null}},"1":{"start":{"line":13,"column":20},"end":{"line":13,"column":null}},"2":{"start":{"line":14,"column":19},"end":{"line":14,"column":null}},"3":{"start":{"line":15,"column":19},"end":{"line":15,"column":null}},"4":{"start":{"line":16,"column":8},"end":{"line":16,"column":null}},"5":{"start":{"line":18,"column":2},"end":{"line":25,"column":null}},"6":{"start":{"line":19,"column":17},"end":{"line":19,"column":null}},"7":{"start":{"line":20,"column":4},"end":{"line":20,"column":null}},"8":{"start":{"line":20,"column":15},"end":{"line":20,"column":null}},"9":{"start":{"line":21,"column":17},"end":{"line":21,"column":null}},"10":{"start":{"line":22,"column":14},"end":{"line":22,"column":null}},"11":{"start":{"line":23,"column":14},"end":{"line":23,"column":null}},"12":{"start":{"line":24,"column":4},"end":{"line":24,"column":null}},"13":{"start":{"line":27,"column":2},"end":{"line":38,"column":null}},"14":{"start":{"line":28,"column":4},"end":{"line":28,"column":null}},"15":{"start":{"line":28,"column":18},"end":{"line":28,"column":null}},"16":{"start":{"line":29,"column":10},"end":{"line":35,"column":null}},"17":{"start":{"line":30,"column":21},"end":{"line":30,"column":null}},"18":{"start":{"line":31,"column":6},"end":{"line":31,"column":null}},"19":{"start":{"line":31,"column":19},"end":{"line":31,"column":null}},"20":{"start":{"line":32,"column":6},"end":{"line":32,"column":null}},"21":{"start":{"line":32,"column":45},"end":{"line":32,"column":null}},"22":{"start":{"line":33,"column":6},"end":{"line":33,"column":null}},"23":{"start":{"line":33,"column":56},"end":{"line":33,"column":null}},"24":{"start":{"line":34,"column":6},"end":{"line":34,"column":null}},"25":{"start":{"line":36,"column":4},"end":{"line":36,"column":null}},"26":{"start":{"line":37,"column":4},"end":{"line":37,"column":null}},"27":{"start":{"line":37,"column":17},"end":{"line":37,"column":null}},"28":{"start":{"line":40,"column":18},"end":{"line":43,"column":null}},"29":{"start":{"line":45,"column":2},"end":{"line":88,"column":null}}},"fnMap":{"0":{"name":"(anonymous_0)","decl":{"start":{"line":12,"column":13},"end":{"line":12,"column":27}},"loc":{"start":{"line":12,"column":105},"end":{"line":90,"column":null}},"line":12},"1":{"name":"(anonymous_1)","decl":{"start":{"line":18,"column":2},"end":{"line":18,"column":24}},"loc":{"start":{"line":18,"column":24},"end":{"line":25,"column":5}},"line":18},"2":{"name":"(anonymous_2)","decl":{"start":{"line":27,"column":2},"end":{"line":27,"column":18}},"loc":{"start":{"line":27,"column":18},"end":{"line":38,"column":5}},"line":27},"3":{"name":"(anonymous_3)","decl":{"start":{"line":29,"column":10},"end":{"line":29,"column":21}},"loc":{"start":{"line":29,"column":39},"end":{"line":35,"column":null}},"line":29},"4":{"name":"(anonymous_4)","decl":{"start":{"line":37,"column":4},"end":{"line":37,"column":17}},"loc":{"start":{"line":37,"column":17},"end":{"line":37,"column":null}},"line":37}},"branchMap":{"0":{"loc":{"start":{"line":12,"column":67},"end":{"line":12,"column":105}},"type":"default-arg","locations":[{"start":{"line":12,"column":79},"end":{"line":12,"column":105}}],"line":12},"1":{"loc":{"start":{"line":20,"column":4},"end":{"line":20,"column":null}},"type":"if","locations":[{"start":{"line":20,"column":4},"end":{"line":20,"column":null}},{"start":{},"end":{}}],"line":20},"2":{"loc":{"start":{"line":28,"column":4},"end":{"line":28,"column":null}},"type":"if","locations":[{"start":{"line":28,"column":4},"end":{"line":28,"column":null}},{"start":{},"end":{}}],"line":28},"3":{"loc":{"start":{"line":31,"column":6},"end":{"line":31,"column":null}},"type":"if","locations":[{"start":{"line":31,"column":6},"end":{"line":31,"column":null}},{"start":{},"end":{}}],"line":31},"4":{"loc":{"start":{"line":32,"column":6},"end":{"line":32,"column":null}},"type":"if","locations":[{"start":{"line":32,"column":6},"end":{"line":32,"column":null}},{"start":{},"end":{}}],"line":32},"5":{"loc":{"start":{"line":33,"column":6},"end":{"line":33,"column":null}},"type":"if","locations":[{"start":{"line":33,"column":6},"end":{"line":33,"column":null}},{"start":{},"end":{}}],"line":33},"6":{"loc":{"start":{"line":51,"column":7},"end":{"line":63,"column":null}},"type":"binary-expr","locations":[{"start":{"line":51,"column":7},"end":{"line":51,"column":null}},{"start":{"line":52,"column":8},"end":{"line":63,"column":null}}],"line":51},"7":{"loc":{"start":{"line":74,"column":7},"end":{"line":86,"column":null}},"type":"binary-expr","locations":[{"start":{"line":74,"column":7},"end":{"line":74,"column":null}},{"start":{"line":75,"column":8},"end":{"line":86,"column":null}}],"line":74}},"s":{"0":1,"1":0,"2":0,"3":0,"4":0,"5":0,"6":0,"7":0,"8":0,"9":0,"10":0,"11":0,"12":0,"13":0,"14":0,"15":0,"16":0,"17":0,"18":0,"19":0,"20":0,"21":0,"22":0,"23":0,"24":0,"25":0,"26":0,"27":0,"28":0,"29":0},"f":{"0":0,"1":0,"2":0,"3":0,"4":0},"b":{"0":[0],"1":[0,0],"2":[0,0],"3":[0,0],"4":[0,0],"5":[0,0],"6":[0,0],"7":[0,0]},"meta":{"lastBranch":8,"lastFunction":5,"lastStatement":30,"seen":{"s:12:13:90:Infinity":0,"f:12:13:12:27":0,"b:12:79:12:105":0,"s:13:20:13:Infinity":1,"s:14:19:14:Infinity":2,"s:15:19:15:Infinity":3,"s:16:8:16:Infinity":4,"s:18:2:25:Infinity":5,"f:18:2:18:24":1,"s:19:17:19:Infinity":6,"b:20:4:20:Infinity:undefined:undefined:undefined:undefined":1,"s:20:4:20:Infinity":7,"s:20:15:20:Infinity":8,"s:21:17:21:Infinity":9,"s:22:14:22:Infinity":10,"s:23:14:23:Infinity":11,"s:24:4:24:Infinity":12,"s:27:2:38:Infinity":13,"f:27:2:27:18":2,"b:28:4:28:Infinity:undefined:undefined:undefined:undefined":2,"s:28:4:28:Infinity":14,"s:28:18:28:Infinity":15,"s:29:10:35:Infinity":16,"f:29:10:29:21":3,"s:30:21:30:Infinity":17,"b:31:6:31:Infinity:undefined:undefined:undefined:undefined":3,"s:31:6:31:Infinity":18,"s:31:19:31:Infinity":19,"b:32:6:32:Infinity:undefined:undefined:undefined:undefined":4,"s:32:6:32:Infinity":20,"s:32:45:32:Infinity":21,"b:33:6:33:Infinity:undefined:undefined:undefined:undefined":5,"s:33:6:33:Infinity":22,"s:33:56:33:Infinity":23,"s:34:6:34:Infinity":24,"s:36:4:36:Infinity":25,"s:37:4:37:Infinity":26,"f:37:4:37:17":4,"s:37:17:37:Infinity":27,"s:40:18:43:Infinity":28,"s:45:2:88:Infinity":29,"b:51:7:51:Infinity:52:8:63:Infinity":6,"b:74:7:74:Infinity:75:8:86:Infinity":7},"fnNames":{}}}
,"C:\\Users\\VICTUS\\Programacion\\move360-frontend\\src\\components\\common\\AddButton\\AddButton.tsx": {"path":"C:\\Users\\VICTUS\\Programacion\\move360-frontend\\src\\components\\common\\AddButton\\AddButton.tsx","statementMap":{"0":{"start":{"line":9,"column":13},"end":{"line":32,"column":null}},"1":{"start":{"line":10,"column":19},"end":{"line":10,"column":null}},"2":{"start":{"line":11,"column":18},"end":{"line":19,"column":null}},"3":{"start":{"line":21,"column":2},"end":{"line":30,"column":null}}},"fnMap":{"0":{"name":"(anonymous_0)","decl":{"start":{"line":9,"column":13},"end":{"line":9,"column":26}},"loc":{"start":{"line":9,"column":92},"end":{"line":32,"column":null}},"line":9}},"branchMap":{"0":{"loc":{"start":{"line":9,"column":37},"end":{"line":9,"column":55}},"type":"default-arg","locations":[{"start":{"line":9,"column":48},"end":{"line":9,"column":55}}],"line":9},"1":{"loc":{"start":{"line":9,"column":55},"end":{"line":9,"column":92}},"type":"default-arg","locations":[{"start":{"line":9,"column":67},"end":{"line":9,"column":92}}],"line":9}},"s":{"0":1,"1":0,"2":0,"3":0},"f":{"0":0},"b":{"0":[0],"1":[0]},"meta":{"lastBranch":2,"lastFunction":1,"lastStatement":4,"seen":{"s:9:13:32:Infinity":0,"f:9:13:9:26":0,"b:9:48:9:55":0,"b:9:67:9:92":1,"s:10:19:10:Infinity":1,"s:11:18:19:Infinity":2,"s:21:2:30:Infinity":3},"fnNames":{}}}
,"C:\\Users\\VICTUS\\Programacion\\move360-frontend\\src\\components\\common\\Button\\Button.tsx": {"path":"C:\\Users\\VICTUS\\Programacion\\move360-frontend\\src\\components\\common\\Button\\Button.tsx","statementMap":{"0":{"start":{"line":13,"column":41},"end":{"line":18,"column":null}},"1":{"start":{"line":20,"column":38},"end":{"line":24,"column":null}},"2":{"start":{"line":26,"column":13},"end":{"line":67,"column":null}},"3":{"start":{"line":37,"column":21},"end":{"line":37,"column":null}},"4":{"start":{"line":38,"column":18},"end":{"line":47,"column":null}},"5":{"start":{"line":49,"column":2},"end":{"line":65,"column":null}}},"fnMap":{"0":{"name":"(anonymous_0)","decl":{"start":{"line":26,"column":13},"end":{"line":26,"column":23}},"loc":{"start":{"line":36,"column":19},"end":{"line":67,"column":null}},"line":36}},"branchMap":{"0":{"loc":{"start":{"line":27,"column":2},"end":{"line":27,"column":null}},"type":"default-arg","locations":[{"start":{"line":27,"column":12},"end":{"line":27,"column":null}}],"line":27},"1":{"loc":{"start":{"line":28,"column":2},"end":{"line":28,"column":null}},"type":"default-arg","locations":[{"start":{"line":28,"column":9},"end":{"line":28,"column":null}}],"line":28},"2":{"loc":{"start":{"line":30,"column":2},"end":{"line":30,"column":null}},"type":"default-arg","locations":[{"start":{"line":30,"column":10},"end":{"line":30,"column":null}}],"line":30},"3":{"loc":{"start":{"line":31,"column":2},"end":{"line":31,"column":null}},"type":"default-arg","locations":[{"start":{"line":31,"column":9},"end":{"line":31,"column":null}}],"line":31},"4":{"loc":{"start":{"line":32,"column":2},"end":{"line":32,"column":null}},"type":"default-arg","locations":[{"start":{"line":32,"column":14},"end":{"line":32,"column":null}}],"line":32},"5":{"loc":{"start":{"line":33,"column":2},"end":{"line":33,"column":null}},"type":"default-arg","locations":[{"start":{"line":33,"column":14},"end":{"line":33,"column":null}}],"line":33},"6":{"loc":{"start":{"line":34,"column":2},"end":{"line":34,"column":null}},"type":"default-arg","locations":[{"start":{"line":34,"column":13},"end":{"line":34,"column":null}}],"line":34},"7":{"loc":{"start":{"line":37,"column":21},"end":{"line":37,"column":null}},"type":"binary-expr","locations":[{"start":{"line":37,"column":21},"end":{"line":37,"column":33}},{"start":{"line":37,"column":33},"end":{"line":37,"column":null}}],"line":37},"8":{"loc":{"start":{"line":43,"column":4},"end":{"line":43,"column":null}},"type":"cond-expr","locations":[{"start":{"line":43,"column":17},"end":{"line":43,"column":68}},{"start":{"line":43,"column":68},"end":{"line":43,"column":null}}],"line":43},"9":{"loc":{"start":{"line":55,"column":17},"end":{"line":55,"column":null}},"type":"binary-expr","locations":[{"start":{"line":55,"column":17},"end":{"line":55,"column":30}},{"start":{"line":55,"column":30},"end":{"line":55,"column":null}}],"line":55},"10":{"loc":{"start":{"line":58,"column":7},"end":{"line":64,"column":null}},"type":"binary-expr","locations":[{"start":{"line":58,"column":7},"end":{"line":58,"column":null}},{"start":{"line":59,"column":8},"end":{"line":64,"column":null}}],"line":58}},"s":{"0":5,"1":5,"2":5,"3":30,"4":30,"5":30},"f":{"0":30},"b":{"0":[30],"1":[30],"2":[30],"3":[30],"4":[30],"5":[30],"6":[30],"7":[30,29],"8":[3,27],"9":[30,28],"10":[30,2]},"meta":{"lastBranch":11,"lastFunction":1,"lastStatement":6,"seen":{"s:13:41:18:Infinity":0,"s:20:38:24:Infinity":1,"s:26:13:67:Infinity":2,"f:26:13:26:23":0,"b:27:12:27:Infinity":0,"b:28:9:28:Infinity":1,"b:30:10:30:Infinity":2,"b:31:9:31:Infinity":3,"b:32:14:32:Infinity":4,"b:33:14:33:Infinity":5,"b:34:13:34:Infinity":6,"s:37:21:37:Infinity":3,"b:37:21:37:33:37:33:37:Infinity":7,"s:38:18:47:Infinity":4,"b:43:17:43:68:43:68:43:Infinity":8,"s:49:2:65:Infinity":5,"b:55:17:55:30:55:30:55:Infinity":9,"b:58:7:58:Infinity:59:8:64:Infinity":10},"fnNames":{}}}
,"C:\\Users\\VICTUS\\Programacion\\move360-frontend\\src\\components\\common\\IconButton\\IconButton.tsx": {"path":"C:\\Users\\VICTUS\\Programacion\\move360-frontend\\src\\components\\common\\IconButton\\IconButton.tsx","statementMap":{"0":{"start":{"line":16,"column":38},"end":{"line":19,"column":null}},"1":{"start":{"line":21,"column":39},"end":{"line":24,"column":null}},"2":{"start":{"line":26,"column":13},"end":{"line":67,"column":null}},"3":{"start":{"line":38,"column":17},"end":{"line":38,"column":null}},"4":{"start":{"line":39,"column":29},"end":{"line":39,"column":null}},"5":{"start":{"line":40,"column":20},"end":{"line":48,"column":null}},"6":{"start":{"line":51,"column":8},"end":{"line":54,"column":null}},"7":{"start":{"line":57,"column":4},"end":{"line":57,"column":null}},"8":{"start":{"line":57,"column":18},"end":{"line":57,"column":null}},"9":{"start":{"line":59,"column":4},"end":{"line":65,"column":null}}},"fnMap":{"0":{"name":"(anonymous_0)","decl":{"start":{"line":26,"column":13},"end":{"line":26,"column":27}},"loc":{"start":{"line":37,"column":23},"end":{"line":67,"column":null}},"line":37}},"branchMap":{"0":{"loc":{"start":{"line":27,"column":4},"end":{"line":27,"column":null}},"type":"default-arg","locations":[{"start":{"line":27,"column":11},"end":{"line":27,"column":null}}],"line":27},"1":{"loc":{"start":{"line":28,"column":4},"end":{"line":28,"column":null}},"type":"default-arg","locations":[{"start":{"line":28,"column":12},"end":{"line":28,"column":null}}],"line":28},"2":{"loc":{"start":{"line":30,"column":4},"end":{"line":30,"column":null}},"type":"default-arg","locations":[{"start":{"line":30,"column":15},"end":{"line":30,"column":null}}],"line":30},"3":{"loc":{"start":{"line":32,"column":4},"end":{"line":32,"column":null}},"type":"default-arg","locations":[{"start":{"line":32,"column":12},"end":{"line":32,"column":null}}],"line":32},"4":{"loc":{"start":{"line":33,"column":4},"end":{"line":33,"column":null}},"type":"default-arg","locations":[{"start":{"line":33,"column":16},"end":{"line":33,"column":null}}],"line":33},"5":{"loc":{"start":{"line":35,"column":4},"end":{"line":35,"column":null}},"type":"default-arg","locations":[{"start":{"line":35,"column":11},"end":{"line":35,"column":null}}],"line":35},"6":{"loc":{"start":{"line":39,"column":29},"end":{"line":39,"column":null}},"type":"binary-expr","locations":[{"start":{"line":39,"column":29},"end":{"line":39,"column":42}},{"start":{"line":39,"column":42},"end":{"line":39,"column":null}}],"line":39},"7":{"loc":{"start":{"line":39,"column":42},"end":{"line":39,"column":null}},"type":"cond-expr","locations":[{"start":{"line":39,"column":61},"end":{"line":39,"column":66}},{"start":{"line":39,"column":66},"end":{"line":39,"column":null}}],"line":39},"8":{"loc":{"start":{"line":51,"column":78},"end":{"line":51,"column":null}},"type":"binary-expr","locations":[{"start":{"line":51,"column":78},"end":{"line":51,"column":91}},{"start":{"line":51,"column":91},"end":{"line":51,"column":100}},{"start":{"line":51,"column":100},"end":{"line":51,"column":null}}],"line":51},"9":{"loc":{"start":{"line":53,"column":13},"end":{"line":54,"column":null}},"type":"binary-expr","locations":[{"start":{"line":53,"column":13},"end":{"line":53,"column":22}},{"start":{"line":53,"column":22},"end":{"line":54,"column":null}}],"line":53},"10":{"loc":{"start":{"line":57,"column":4},"end":{"line":57,"column":null}},"type":"if","locations":[{"start":{"line":57,"column":4},"end":{"line":57,"column":null}},{"start":{},"end":{}}],"line":57}},"s":{"0":2,"1":2,"2":2,"3":8,"4":8,"5":8,"6":8,"7":8,"8":0,"9":8},"f":{"0":8},"b":{"0":[8],"1":[8],"2":[8],"3":[8],"4":[8],"5":[8],"6":[8,0],"7":[0,0],"8":[8,0,0],"9":[8,0],"10":[0,8]},"meta":{"lastBranch":11,"lastFunction":1,"lastStatement":10,"seen":{"s:16:38:19:Infinity":0,"s:21:39:24:Infinity":1,"s:26:13:67:Infinity":2,"f:26:13:26:27":0,"b:27:11:27:Infinity":0,"b:28:12:28:Infinity":1,"b:30:15:30:Infinity":2,"b:32:12:32:Infinity":3,"b:33:16:33:Infinity":4,"b:35:11:35:Infinity":5,"s:38:17:38:Infinity":3,"s:39:29:39:Infinity":4,"b:39:29:39:42:39:42:39:Infinity":6,"b:39:61:39:66:39:66:39:Infinity":7,"s:40:20:48:Infinity":5,"s:51:8:54:Infinity":6,"b:51:78:51:91:51:91:51:100:51:100:51:Infinity":8,"b:53:13:53:22:53:22:54:Infinity":9,"b:57:4:57:Infinity:undefined:undefined:undefined:undefined":10,"s:57:4:57:Infinity":7,"s:57:18:57:Infinity":8,"s:59:4:65:Infinity":9},"fnNames":{}}}
,"C:\\Users\\VICTUS\\Programacion\\move360-frontend\\src\\components\\common\\Input\\Input.tsx": {"path":"C:\\Users\\VICTUS\\Programacion\\move360-frontend\\src\\components\\common\\Input\\Input.tsx","statementMap":{"0":{"start":{"line":20,"column":8},"end":{"line":20,"column":null}},"1":{"start":{"line":21,"column":28},"end":{"line":21,"column":null}},"2":{"start":{"line":23,"column":26},"end":{"line":23,"column":null}},"3":{"start":{"line":24,"column":28},"end":{"line":24,"column":null}},"4":{"start":{"line":25,"column":20},"end":{"line":25,"column":null}},"5":{"start":{"line":26,"column":23},"end":{"line":26,"column":null}},"6":{"start":{"line":27,"column":18},"end":{"line":27,"column":null}},"7":{"start":{"line":28,"column":18},"end":{"line":28,"column":null}},"8":{"start":{"line":30,"column":2},"end":{"line":72,"column":null}},"9":{"start":{"line":59,"column":36},"end":{"line":59,"column":null}},"10":{"start":{"line":60,"column":27},"end":{"line":60,"column":null}},"11":{"start":{"line":60,"column":66},"end":{"line":60,"column":79}}},"fnMap":{"0":{"name":"Input","decl":{"start":{"line":11,"column":16},"end":{"line":11,"column":22}},"loc":{"start":{"line":19,"column":15},"end":{"line":74,"column":null}},"line":19},"1":{"name":"(anonymous_1)","decl":{"start":{"line":59,"column":12},"end":{"line":59,"column":26}},"loc":{"start":{"line":59,"column":36},"end":{"line":59,"column":null}},"line":59},"2":{"name":"(anonymous_2)","decl":{"start":{"line":60,"column":12},"end":{"line":60,"column":27}},"loc":{"start":{"line":60,"column":27},"end":{"line":60,"column":null}},"line":60},"3":{"name":"(anonymous_3)","decl":{"start":{"line":60,"column":27},"end":{"line":60,"column":49}},"loc":{"start":{"line":60,"column":66},"end":{"line":60,"column":79}},"line":60}},"branchMap":{"0":{"loc":{"start":{"line":13,"column":2},"end":{"line":13,"column":null}},"type":"default-arg","locations":[{"start":{"line":13,"column":14},"end":{"line":13,"column":null}}],"line":13},"1":{"loc":{"start":{"line":16,"column":2},"end":{"line":16,"column":null}},"type":"default-arg","locations":[{"start":{"line":16,"column":23},"end":{"line":16,"column":null}}],"line":16},"2":{"loc":{"start":{"line":24,"column":28},"end":{"line":24,"column":null}},"type":"binary-expr","locations":[{"start":{"line":24,"column":28},"end":{"line":24,"column":47}},{"start":{"line":24,"column":47},"end":{"line":24,"column":null}}],"line":24},"3":{"loc":{"start":{"line":25,"column":20},"end":{"line":25,"column":null}},"type":"cond-expr","locations":[{"start":{"line":25,"column":61},"end":{"line":25,"column":70}},{"start":{"line":25,"column":70},"end":{"line":25,"column":null}}],"line":25},"4":{"loc":{"start":{"line":25,"column":20},"end":{"line":25,"column":61}},"type":"binary-expr","locations":[{"start":{"line":25,"column":20},"end":{"line":25,"column":41}},{"start":{"line":25,"column":41},"end":{"line":25,"column":61}}],"line":25},"5":{"loc":{"start":{"line":26,"column":23},"end":{"line":26,"column":null}},"type":"cond-expr","locations":[{"start":{"line":26,"column":43},"end":{"line":26,"column":58}},{"start":{"line":26,"column":58},"end":{"line":26,"column":null}}],"line":26},"6":{"loc":{"start":{"line":27,"column":18},"end":{"line":27,"column":null}},"type":"binary-expr","locations":[{"start":{"line":27,"column":18},"end":{"line":27,"column":24}},{"start":{"line":27,"column":24},"end":{"line":27,"column":null}}],"line":27},"7":{"loc":{"start":{"line":41,"column":24},"end":{"line":41,"column":null}},"type":"binary-expr","locations":[{"start":{"line":41,"column":24},"end":{"line":41,"column":42}},{"start":{"line":41,"column":42},"end":{"line":41,"column":null}}],"line":41},"8":{"loc":{"start":{"line":42,"column":28},"end":{"line":42,"column":null}},"type":"cond-expr","locations":[{"start":{"line":42,"column":36},"end":{"line":42,"column":46}},{"start":{"line":42,"column":46},"end":{"line":42,"column":null}}],"line":42},"9":{"loc":{"start":{"line":47,"column":12},"end":{"line":47,"column":null}},"type":"cond-expr","locations":[{"start":{"line":47,"column":20},"end":{"line":47,"column":54}},{"start":{"line":47,"column":54},"end":{"line":47,"column":null}}],"line":47},"10":{"loc":{"start":{"line":48,"column":12},"end":{"line":48,"column":null}},"type":"cond-expr","locations":[{"start":{"line":48,"column":32},"end":{"line":48,"column":42}},{"start":{"line":48,"column":42},"end":{"line":48,"column":null}}],"line":48},"11":{"loc":{"start":{"line":53,"column":9},"end":{"line":65,"column":null}},"type":"binary-expr","locations":[{"start":{"line":53,"column":9},"end":{"line":53,"column":null}},{"start":{"line":54,"column":10},"end":{"line":65,"column":null}}],"line":53},"12":{"loc":{"start":{"line":57,"column":24},"end":{"line":57,"column":null}},"type":"cond-expr","locations":[{"start":{"line":57,"column":44},"end":{"line":57,"column":67}},{"start":{"line":57,"column":67},"end":{"line":57,"column":null}}],"line":57},"13":{"loc":{"start":{"line":67,"column":7},"end":{"line":70,"column":null}},"type":"binary-expr","locations":[{"start":{"line":67,"column":7},"end":{"line":67,"column":null}},{"start":{"line":68,"column":8},"end":{"line":70,"column":null}}],"line":67}},"s":{"0":37,"1":37,"2":37,"3":37,"4":37,"5":37,"6":37,"7":37,"8":37,"9":0,"10":1,"11":1},"f":{"0":37,"1":0,"2":1,"3":1},"b":{"0":[37],"1":[37],"2":[37,16],"3":[1,36],"4":[37,16],"5":[1,36],"6":[37,37],"7":[37,34],"8":[3,34],"9":[3,34],"10":[16,21],"11":[37,16],"12":[1,15],"13":[37,3]},"meta":{"lastBranch":14,"lastFunction":4,"lastStatement":12,"seen":{"f:11:16:11:22":0,"b:13:14:13:Infinity":0,"b:16:23:16:Infinity":1,"s:20:8:20:Infinity":0,"s:21:28:21:Infinity":1,"s:23:26:23:Infinity":2,"s:24:28:24:Infinity":3,"b:24:28:24:47:24:47:24:Infinity":2,"s:25:20:25:Infinity":4,"b:25:61:25:70:25:70:25:Infinity":3,"b:25:20:25:41:25:41:25:61":4,"s:26:23:26:Infinity":5,"b:26:43:26:58:26:58:26:Infinity":5,"s:27:18:27:Infinity":6,"b:27:18:27:24:27:24:27:Infinity":6,"s:28:18:28:Infinity":7,"s:30:2:72:Infinity":8,"b:41:24:41:42:41:42:41:Infinity":7,"b:42:36:42:46:42:46:42:Infinity":8,"b:47:20:47:54:47:54:47:Infinity":9,"b:48:32:48:42:48:42:48:Infinity":10,"b:53:9:53:Infinity:54:10:65:Infinity":11,"b:57:44:57:67:57:67:57:Infinity":12,"f:59:12:59:26":1,"s:59:36:59:Infinity":9,"f:60:12:60:27":2,"s:60:27:60:Infinity":10,"f:60:27:60:49":3,"s:60:66:60:79":11,"b:67:7:67:Infinity:68:8:70:Infinity":13},"fnNames":{}}}
,"C:\\Users\\VICTUS\\Programacion\\move360-frontend\\src\\components\\common\\ListItem\\ListItem.tsx": {"path":"C:\\Users\\VICTUS\\Programacion\\move360-frontend\\src\\components\\common\\ListItem\\ListItem.tsx","statementMap":{"0":{"start":{"line":18,"column":13},"end":{"line":59,"column":null}},"1":{"start":{"line":27,"column":15},"end":{"line":27,"column":null}},"2":{"start":{"line":28,"column":27},"end":{"line":32,"column":null}},"3":{"start":{"line":34,"column":2},"end":{"line":57,"column":null}}},"fnMap":{"0":{"name":"(anonymous_0)","decl":{"start":{"line":18,"column":13},"end":{"line":18,"column":25}},"loc":{"start":{"line":26,"column":21},"end":{"line":59,"column":null}},"line":26}},"branchMap":{"0":{"loc":{"start":{"line":25,"column":2},"end":{"line":25,"column":null}},"type":"default-arg","locations":[{"start":{"line":25,"column":14},"end":{"line":25,"column":null}}],"line":25},"1":{"loc":{"start":{"line":51,"column":11},"end":{"line":54,"column":null}},"type":"binary-expr","locations":[{"start":{"line":51,"column":11},"end":{"line":51,"column":null}},{"start":{"line":52,"column":12},"end":{"line":54,"column":null}}],"line":51},"2":{"loc":{"start":{"line":56,"column":7},"end":{"line":57,"column":null}},"type":"binary-expr","locations":[{"start":{"line":56,"column":7},"end":{"line":56,"column":18}},{"start":{"line":56,"column":18},"end":{"line":57,"column":null}}],"line":56}},"s":{"0":1,"1":1,"2":1,"3":1},"f":{"0":1},"b":{"0":[1],"1":[1,1],"2":[1,0]},"meta":{"lastBranch":3,"lastFunction":1,"lastStatement":4,"seen":{"s:18:13:59:Infinity":0,"f:18:13:18:25":0,"b:25:14:25:Infinity":0,"s:27:15:27:Infinity":1,"s:28:27:32:Infinity":2,"s:34:2:57:Infinity":3,"b:51:11:51:Infinity:52:12:54:Infinity":1,"b:56:7:56:18:56:18:57:Infinity":2},"fnNames":{}}}
,"C:\\Users\\VICTUS\\Programacion\\move360-frontend\\src\\components\\common\\Modal\\Modal.tsx": {"path":"C:\\Users\\VICTUS\\Programacion\\move360-frontend\\src\\components\\common\\Modal\\Modal.tsx","statementMap":{"0":{"start":{"line":22,"column":13},"end":{"line":113,"column":null}},"1":{"start":{"line":38,"column":23},"end":{"line":42,"column":null}},"2":{"start":{"line":43,"column":20},"end":{"line":43,"column":null}},"3":{"start":{"line":44,"column":15},"end":{"line":44,"column":null}},"4":{"start":{"line":46,"column":27},"end":{"line":46,"column":null}},"5":{"start":{"line":47,"column":27},"end":{"line":47,"column":null}},"6":{"start":{"line":49,"column":2},"end":{"line":111,"column":null}}},"fnMap":{"0":{"name":"(anonymous_0)","decl":{"start":{"line":22,"column":13},"end":{"line":22,"column":22}},"loc":{"start":{"line":37,"column":18},"end":{"line":113,"column":null}},"line":37}},"branchMap":{"0":{"loc":{"start":{"line":26,"column":2},"end":{"line":26,"column":null}},"type":"default-arg","locations":[{"start":{"line":26,"column":16},"end":{"line":26,"column":null}}],"line":26},"1":{"loc":{"start":{"line":27,"column":2},"end":{"line":27,"column":null}},"type":"default-arg","locations":[{"start":{"line":27,"column":15},"end":{"line":27,"column":null}}],"line":27},"2":{"loc":{"start":{"line":31,"column":2},"end":{"line":31,"column":null}},"type":"default-arg","locations":[{"start":{"line":31,"column":18},"end":{"line":31,"column":null}}],"line":31},"3":{"loc":{"start":{"line":32,"column":2},"end":{"line":32,"column":null}},"type":"default-arg","locations":[{"start":{"line":32,"column":19},"end":{"line":32,"column":null}}],"line":32},"4":{"loc":{"start":{"line":36,"column":2},"end":{"line":36,"column":null}},"type":"default-arg","locations":[{"start":{"line":36,"column":14},"end":{"line":36,"column":null}}],"line":36},"5":{"loc":{"start":{"line":44,"column":15},"end":{"line":44,"column":null}},"type":"cond-expr","locations":[{"start":{"line":44,"column":26},"end":{"line":44,"column":44}},{"start":{"line":44,"column":44},"end":{"line":44,"column":null}}],"line":44},"6":{"loc":{"start":{"line":47,"column":35},"end":{"line":47,"column":56}},"type":"binary-expr","locations":[{"start":{"line":47,"column":35},"end":{"line":47,"column":48}},{"start":{"line":47,"column":48},"end":{"line":47,"column":56}}],"line":47},"7":{"loc":{"start":{"line":53,"column":11},"end":{"line":59,"column":null}},"type":"cond-expr","locations":[{"start":{"line":54,"column":12},"end":{"line":56,"column":13}},{"start":{"line":56,"column":12},"end":{"line":59,"column":null}}],"line":53},"8":{"loc":{"start":{"line":59,"column":11},"end":{"line":69,"column":null}},"type":"binary-expr","locations":[{"start":{"line":59,"column":11},"end":{"line":59,"column":null}},{"start":{"line":60,"column":12},"end":{"line":69,"column":null}}],"line":59},"9":{"loc":{"start":{"line":73,"column":12},"end":{"line":75,"column":null}},"type":"cond-expr","locations":[{"start":{"line":74,"column":16},"end":{"line":74,"column":null}},{"start":{"line":75,"column":16},"end":{"line":75,"column":null}}],"line":73},"10":{"loc":{"start":{"line":78,"column":11},"end":{"line":93,"column":null}},"type":"cond-expr","locations":[{"start":{"line":79,"column":12},"end":{"line":79,"column":null}},{"start":{"line":81,"column":12},"end":{"line":93,"column":null}}],"line":78},"11":{"loc":{"start":{"line":82,"column":15},"end":{"line":85,"column":null}},"type":"binary-expr","locations":[{"start":{"line":82,"column":15},"end":{"line":82,"column":null}},{"start":{"line":83,"column":16},"end":{"line":85,"column":null}}],"line":82},"12":{"loc":{"start":{"line":88,"column":15},"end":{"line":88,"column":null}},"type":"binary-expr","locations":[{"start":{"line":88,"column":15},"end":{"line":88,"column":26}},{"start":{"line":88,"column":26},"end":{"line":88,"column":null}}],"line":88},"13":{"loc":{"start":{"line":90,"column":15},"end":{"line":91,"column":null}},"type":"binary-expr","locations":[{"start":{"line":90,"column":15},"end":{"line":90,"column":null}},{"start":{"line":91,"column":16},"end":{"line":91,"column":null}}],"line":90},"14":{"loc":{"start":{"line":97,"column":9},"end":{"line":109,"column":null}},"type":"cond-expr","locations":[{"start":{"line":98,"column":10},"end":{"line":99,"column":null}},{"start":{"line":99,"column":12},"end":{"line":109,"column":null}}],"line":97},"15":{"loc":{"start":{"line":99,"column":12},"end":{"line":109,"column":null}},"type":"cond-expr","locations":[{"start":{"line":100,"column":10},"end":{"line":109,"column":null}},{"start":{"line":109,"column":12},"end":{"line":109,"column":null}}],"line":99},"16":{"loc":{"start":{"line":101,"column":13},"end":{"line":105,"column":null}},"type":"binary-expr","locations":[{"start":{"line":101,"column":13},"end":{"line":101,"column":null}},{"start":{"line":102,"column":14},"end":{"line":105,"column":null}}],"line":101},"17":{"loc":{"start":{"line":105,"column":13},"end":{"line":108,"column":null}},"type":"binary-expr","locations":[{"start":{"line":105,"column":13},"end":{"line":105,"column":null}},{"start":{"line":106,"column":14},"end":{"line":108,"column":null}}],"line":105}},"s":{"0":4,"1":9,"2":9,"3":9,"4":9,"5":9,"6":9},"f":{"0":9},"b":{"0":[9],"1":[9],"2":[9],"3":[9],"4":[9],"5":[0,9],"6":[9,4],"7":[9,0],"8":[9,9],"9":[5,4],"10":[5,4],"11":[4,0],"12":[4,2],"13":[4,0],"14":[0,9],"15":[6,3],"16":[6,5],"17":[6,5]},"meta":{"lastBranch":18,"lastFunction":1,"lastStatement":7,"seen":{"s:22:13:113:Infinity":0,"f:22:13:22:22":0,"b:26:16:26:Infinity":0,"b:27:15:27:Infinity":1,"b:31:18:31:Infinity":2,"b:32:19:32:Infinity":3,"b:36:14:36:Infinity":4,"s:38:23:42:Infinity":1,"s:43:20:43:Infinity":2,"s:44:15:44:Infinity":3,"b:44:26:44:44:44:44:44:Infinity":5,"s:46:27:46:Infinity":4,"s:47:27:47:Infinity":5,"b:47:35:47:48:47:48:47:56":6,"s:49:2:111:Infinity":6,"b:54:12:56:13:56:12:59:Infinity":7,"b:59:11:59:Infinity:60:12:69:Infinity":8,"b:74:16:74:Infinity:75:16:75:Infinity":9,"b:79:12:79:Infinity:81:12:93:Infinity":10,"b:82:15:82:Infinity:83:16:85:Infinity":11,"b:88:15:88:26:88:26:88:Infinity":12,"b:90:15:90:Infinity:91:16:91:Infinity":13,"b:98:10:99:Infinity:99:12:109:Infinity":14,"b:100:10:109:Infinity:109:12:109:Infinity":15,"b:101:13:101:Infinity:102:14:105:Infinity":16,"b:105:13:105:Infinity:106:14:108:Infinity":17},"fnNames":{}}}
,"C:\\Users\\VICTUS\\Programacion\\move360-frontend\\src\\components\\common\\MonthYearPicker\\MonthYearPicker.tsx": {"path":"C:\\Users\\VICTUS\\Programacion\\move360-frontend\\src\\components\\common\\MonthYearPicker\\MonthYearPicker.tsx","statementMap":{"0":{"start":{"line":20,"column":15},"end":{"line":33,"column":null}},"1":{"start":{"line":35,"column":17},"end":{"line":35,"column":null}},"2":{"start":{"line":37,"column":6},"end":{"line":40,"column":null}},"3":{"start":{"line":38,"column":16},"end":{"line":38,"column":null}},"4":{"start":{"line":39,"column":2},"end":{"line":39,"column":null}},"5":{"start":{"line":43,"column":2},"end":{"line":43,"column":null}},"6":{"start":{"line":45,"column":78},"end":{"line":48,"column":null}},"7":{"start":{"line":50,"column":13},"end":{"line":124,"column":null}},"8":{"start":{"line":60,"column":17},"end":{"line":60,"column":null}},"9":{"start":{"line":61,"column":16},"end":{"line":61,"column":null}},"10":{"start":{"line":62,"column":15},"end":{"line":62,"column":null}},"11":{"start":{"line":67,"column":2},"end":{"line":71,"column":null}},"12":{"start":{"line":68,"column":17},"end":{"line":68,"column":null}},"13":{"start":{"line":69,"column":4},"end":{"line":69,"column":null}},"14":{"start":{"line":70,"column":4},"end":{"line":70,"column":null}},"15":{"start":{"line":74,"column":8},"end":{"line":75,"column":null}},"16":{"start":{"line":75,"column":4},"end":{"line":75,"column":null}},"17":{"start":{"line":77,"column":26},"end":{"line":77,"column":null}},"18":{"start":{"line":78,"column":2},"end":{"line":78,"column":null}},"19":{"start":{"line":78,"column":15},"end":{"line":78,"column":24}},"20":{"start":{"line":78,"column":43},"end":{"line":78,"column":null}},"21":{"start":{"line":80,"column":22},"end":{"line":80,"column":null}},"22":{"start":{"line":82,"column":2},"end":{"line":122,"column":null}},"23":{"start":{"line":89,"column":10},"end":{"line":89,"column":null}},"24":{"start":{"line":90,"column":10},"end":{"line":90,"column":null}},"25":{"start":{"line":97,"column":29},"end":{"line":97,"column":null}},"26":{"start":{"line":98,"column":10},"end":{"line":101,"column":null}},"27":{"start":{"line":109,"column":10},"end":{"line":109,"column":null}},"28":{"start":{"line":110,"column":10},"end":{"line":110,"column":null}},"29":{"start":{"line":117,"column":10},"end":{"line":119,"column":null}}},"fnMap":{"0":{"name":"(anonymous_0)","decl":{"start":{"line":37,"column":6},"end":{"line":37,"column":15}},"loc":{"start":{"line":37,"column":33},"end":{"line":40,"column":null}},"line":37},"1":{"name":"(anonymous_1)","decl":{"start":{"line":50,"column":13},"end":{"line":50,"column":32}},"loc":{"start":{"line":59,"column":28},"end":{"line":124,"column":null}},"line":59},"2":{"name":"(anonymous_2)","decl":{"start":{"line":67,"column":2},"end":{"line":67,"column":18}},"loc":{"start":{"line":67,"column":18},"end":{"line":71,"column":5}},"line":67},"3":{"name":"(anonymous_3)","decl":{"start":{"line":74,"column":8},"end":{"line":74,"column":16}},"loc":{"start":{"line":75,"column":4},"end":{"line":75,"column":null}},"line":75},"4":{"name":"(anonymous_4)","decl":{"start":{"line":88,"column":8},"end":{"line":88,"column":19}},"loc":{"start":{"line":88,"column":25},"end":{"line":91,"column":null}},"line":88},"5":{"name":"(anonymous_5)","decl":{"start":{"line":96,"column":16},"end":{"line":96,"column":21}},"loc":{"start":{"line":96,"column":34},"end":{"line":103,"column":9}},"line":96},"6":{"name":"(anonymous_6)","decl":{"start":{"line":108,"column":8},"end":{"line":108,"column":19}},"loc":{"start":{"line":108,"column":25},"end":{"line":111,"column":null}},"line":108},"7":{"name":"(anonymous_7)","decl":{"start":{"line":116,"column":15},"end":{"line":116,"column":20}},"loc":{"start":{"line":117,"column":10},"end":{"line":119,"column":null}},"line":117}},"branchMap":{"0":{"loc":{"start":{"line":39,"column":9},"end":{"line":39,"column":null}},"type":"cond-expr","locations":[{"start":{"line":39,"column":17},"end":{"line":39,"column":55}},{"start":{"line":39,"column":55},"end":{"line":39,"column":null}}],"line":39},"1":{"loc":{"start":{"line":54,"column":2},"end":{"line":54,"column":null}},"type":"default-arg","locations":[{"start":{"line":54,"column":14},"end":{"line":54,"column":null}}],"line":54},"2":{"loc":{"start":{"line":55,"column":2},"end":{"line":55,"column":null}},"type":"default-arg","locations":[{"start":{"line":55,"column":9},"end":{"line":55,"column":null}}],"line":55},"3":{"loc":{"start":{"line":56,"column":2},"end":{"line":56,"column":null}},"type":"default-arg","locations":[{"start":{"line":56,"column":12},"end":{"line":56,"column":null}}],"line":56},"4":{"loc":{"start":{"line":57,"column":2},"end":{"line":57,"column":null}},"type":"default-arg","locations":[{"start":{"line":57,"column":12},"end":{"line":57,"column":null}}],"line":57},"5":{"loc":{"start":{"line":58,"column":2},"end":{"line":58,"column":null}},"type":"default-arg","locations":[{"start":{"line":58,"column":13},"end":{"line":58,"column":null}}],"line":58},"6":{"loc":{"start":{"line":75,"column":13},"end":{"line":75,"column":68}},"type":"cond-expr","locations":[{"start":{"line":75,"column":37},"end":{"line":75,"column":66}},{"start":{"line":75,"column":66},"end":{"line":75,"column":68}}],"line":75},"7":{"loc":{"start":{"line":75,"column":13},"end":{"line":75,"column":37}},"type":"binary-expr","locations":[{"start":{"line":75,"column":13},"end":{"line":75,"column":26}},{"start":{"line":75,"column":26},"end":{"line":75,"column":37}}],"line":75}},"s":{"0":1,"1":1,"2":1,"3":0,"4":0,"5":1,"6":1,"7":1,"8":0,"9":0,"10":0,"11":0,"12":0,"13":0,"14":0,"15":0,"16":0,"17":0,"18":0,"19":0,"20":0,"21":0,"22":0,"23":0,"24":0,"25":0,"26":0,"27":0,"28":0,"29":0},"f":{"0":0,"1":0,"2":0,"3":0,"4":0,"5":0,"6":0,"7":0},"b":{"0":[0,0],"1":[0],"2":[0],"3":[0],"4":[0],"5":[0],"6":[0,0],"7":[0,0]},"meta":{"lastBranch":8,"lastFunction":8,"lastStatement":30,"seen":{"s:20:15:33:Infinity":0,"s:35:17:35:Infinity":1,"s:37:6:40:Infinity":2,"f:37:6:37:15":0,"s:38:16:38:Infinity":3,"s:39:2:39:Infinity":4,"b:39:17:39:55:39:55:39:Infinity":0,"s:43:2:43:Infinity":5,"s:45:78:48:Infinity":6,"s:50:13:124:Infinity":7,"f:50:13:50:32":1,"b:54:14:54:Infinity":1,"b:55:9:55:Infinity":2,"b:56:12:56:Infinity":3,"b:57:12:57:Infinity":4,"b:58:13:58:Infinity":5,"s:60:17:60:Infinity":8,"s:61:16:61:Infinity":9,"s:62:15:62:Infinity":10,"s:67:2:71:Infinity":11,"f:67:2:67:18":2,"s:68:17:68:Infinity":12,"s:69:4:69:Infinity":13,"s:70:4:70:Infinity":14,"s:74:8:75:Infinity":15,"f:74:8:74:16":3,"s:75:4:75:Infinity":16,"b:75:37:75:66:75:66:75:68":6,"b:75:13:75:26:75:26:75:37":7,"s:77:26:77:Infinity":17,"s:78:2:78:Infinity":18,"s:78:15:78:24":19,"s:78:43:78:Infinity":20,"s:80:22:80:Infinity":21,"s:82:2:122:Infinity":22,"f:88:8:88:19":4,"s:89:10:89:Infinity":23,"s:90:10:90:Infinity":24,"f:96:16:96:21":5,"s:97:29:97:Infinity":25,"s:98:10:101:Infinity":26,"f:108:8:108:19":6,"s:109:10:109:Infinity":27,"s:110:10:110:Infinity":28,"f:116:15:116:20":7,"s:117:10:119:Infinity":29},"fnNames":{}}}
,"C:\\Users\\VICTUS\\Programacion\\move360-frontend\\src\\components\\common\\OverflowMenuButton\\OverflowMenuButton.tsx": {"path":"C:\\Users\\VICTUS\\Programacion\\move360-frontend\\src\\components\\common\\OverflowMenuButton\\OverflowMenuButton.tsx","statementMap":{"0":{"start":{"line":13,"column":13},"end":{"line":41,"column":null}},"1":{"start":{"line":20,"column":19},"end":{"line":20,"column":null}},"2":{"start":{"line":21,"column":18},"end":{"line":28,"column":null}},"3":{"start":{"line":30,"column":2},"end":{"line":39,"column":null}}},"fnMap":{"0":{"name":"(anonymous_0)","decl":{"start":{"line":13,"column":13},"end":{"line":13,"column":35}},"loc":{"start":{"line":19,"column":31},"end":{"line":41,"column":null}},"line":19}},"branchMap":{"0":{"loc":{"start":{"line":14,"column":2},"end":{"line":14,"column":null}},"type":"default-arg","locations":[{"start":{"line":14,"column":11},"end":{"line":14,"column":null}}],"line":14},"1":{"loc":{"start":{"line":15,"column":2},"end":{"line":15,"column":null}},"type":"default-arg","locations":[{"start":{"line":15,"column":14},"end":{"line":15,"column":null}}],"line":15},"2":{"loc":{"start":{"line":16,"column":2},"end":{"line":16,"column":null}},"type":"default-arg","locations":[{"start":{"line":16,"column":10},"end":{"line":16,"column":null}}],"line":16},"3":{"loc":{"start":{"line":17,"column":2},"end":{"line":17,"column":null}},"type":"default-arg","locations":[{"start":{"line":17,"column":17},"end":{"line":17,"column":null}}],"line":17},"4":{"loc":{"start":{"line":26,"column":4},"end":{"line":26,"column":null}},"type":"cond-expr","locations":[{"start":{"line":26,"column":29},"end":{"line":26,"column":65}},{"start":{"line":26,"column":65},"end":{"line":26,"column":null}}],"line":26},"5":{"loc":{"start":{"line":26,"column":4},"end":{"line":26,"column":29}},"type":"binary-expr","locations":[{"start":{"line":26,"column":4},"end":{"line":26,"column":14}},{"start":{"line":26,"column":14},"end":{"line":26,"column":29}}],"line":26}},"s":{"0":1,"1":0,"2":0,"3":0},"f":{"0":0},"b":{"0":[0],"1":[0],"2":[0],"3":[0],"4":[0,0],"5":[0,0]},"meta":{"lastBranch":6,"lastFunction":1,"lastStatement":4,"seen":{"s:13:13:41:Infinity":0,"f:13:13:13:35":0,"b:14:11:14:Infinity":0,"b:15:14:15:Infinity":1,"b:16:10:16:Infinity":2,"b:17:17:17:Infinity":3,"s:20:19:20:Infinity":1,"s:21:18:28:Infinity":2,"b:26:29:26:65:26:65:26:Infinity":4,"b:26:4:26:14:26:14:26:29":5,"s:30:2:39:Infinity":3},"fnNames":{}}}
,"C:\\Users\\VICTUS\\Programacion\\move360-frontend\\src\\components\\common\\ProfileCard\\ProfileCard.tsx": {"path":"C:\\Users\\VICTUS\\Programacion\\move360-frontend\\src\\components\\common\\ProfileCard\\ProfileCard.tsx","statementMap":{"0":{"start":{"line":11,"column":23},"end":{"line":18,"column":null}},"1":{"start":{"line":20,"column":6},"end":{"line":25,"column":null}},"2":{"start":{"line":21,"column":17},"end":{"line":21,"column":null}},"3":{"start":{"line":22,"column":2},"end":{"line":22,"column":null}},"4":{"start":{"line":22,"column":27},"end":{"line":22,"column":null}},"5":{"start":{"line":23,"column":2},"end":{"line":23,"column":null}},"6":{"start":{"line":23,"column":27},"end":{"line":23,"column":null}},"7":{"start":{"line":24,"column":2},"end":{"line":24,"column":null}},"8":{"start":{"line":27,"column":6},"end":{"line":33,"column":null}},"9":{"start":{"line":28,"column":13},"end":{"line":28,"column":null}},"10":{"start":{"line":29,"column":2},"end":{"line":31,"column":null}},"11":{"start":{"line":29,"column":15},"end":{"line":29,"column":18}},"12":{"start":{"line":30,"column":4},"end":{"line":30,"column":null}},"13":{"start":{"line":32,"column":2},"end":{"line":32,"column":null}},"14":{"start":{"line":35,"column":13},"end":{"line":116,"column":null}},"15":{"start":{"line":43,"column":18},"end":{"line":43,"column":null}},"16":{"start":{"line":44,"column":18},"end":{"line":44,"column":null}},"17":{"start":{"line":46,"column":20},"end":{"line":55,"column":null}},"18":{"start":{"line":57,"column":17},"end":{"line":61,"column":null}},"19":{"start":{"line":63,"column":2},"end":{"line":81,"column":null}},"20":{"start":{"line":64,"column":4},"end":{"line":79,"column":null}},"21":{"start":{"line":83,"column":2},"end":{"line":114,"column":null}}},"fnMap":{"0":{"name":"(anonymous_0)","decl":{"start":{"line":20,"column":6},"end":{"line":20,"column":21}},"loc":{"start":{"line":20,"column":46},"end":{"line":25,"column":null}},"line":20},"1":{"name":"(anonymous_1)","decl":{"start":{"line":27,"column":6},"end":{"line":27,"column":24}},"loc":{"start":{"line":27,"column":49},"end":{"line":33,"column":null}},"line":27},"2":{"name":"(anonymous_2)","decl":{"start":{"line":35,"column":13},"end":{"line":35,"column":28}},"loc":{"start":{"line":42,"column":24},"end":{"line":116,"column":null}},"line":42}},"branchMap":{"0":{"loc":{"start":{"line":22,"column":2},"end":{"line":22,"column":null}},"type":"if","locations":[{"start":{"line":22,"column":2},"end":{"line":22,"column":null}},{"start":{},"end":{}}],"line":22},"1":{"loc":{"start":{"line":23,"column":2},"end":{"line":23,"column":null}},"type":"if","locations":[{"start":{"line":23,"column":2},"end":{"line":23,"column":null}},{"start":{},"end":{}}],"line":23},"2":{"loc":{"start":{"line":38,"column":2},"end":{"line":38,"column":null}},"type":"default-arg","locations":[{"start":{"line":38,"column":14},"end":{"line":38,"column":null}}],"line":38},"3":{"loc":{"start":{"line":40,"column":2},"end":{"line":40,"column":null}},"type":"default-arg","locations":[{"start":{"line":40,"column":14},"end":{"line":40,"column":null}}],"line":40},"4":{"loc":{"start":{"line":41,"column":2},"end":{"line":41,"column":null}},"type":"default-arg","locations":[{"start":{"line":41,"column":12},"end":{"line":41,"column":null}}],"line":41},"5":{"loc":{"start":{"line":48,"column":4},"end":{"line":50,"column":null}},"type":"cond-expr","locations":[{"start":{"line":49,"column":8},"end":{"line":49,"column":null}},{"start":{"line":50,"column":8},"end":{"line":50,"column":null}}],"line":48},"6":{"loc":{"start":{"line":51,"column":4},"end":{"line":53,"column":null}},"type":"cond-expr","locations":[{"start":{"line":52,"column":8},"end":{"line":52,"column":null}},{"start":{"line":53,"column":8},"end":{"line":53,"column":null}}],"line":51},"7":{"loc":{"start":{"line":59,"column":4},"end":{"line":59,"column":null}},"type":"cond-expr","locations":[{"start":{"line":59,"column":14},"end":{"line":59,"column":26}},{"start":{"line":59,"column":26},"end":{"line":59,"column":null}}],"line":59},"8":{"loc":{"start":{"line":63,"column":2},"end":{"line":81,"column":null}},"type":"if","locations":[{"start":{"line":63,"column":2},"end":{"line":81,"column":null}},{"start":{},"end":{}}],"line":63},"9":{"loc":{"start":{"line":68,"column":12},"end":{"line":68,"column":null}},"type":"cond-expr","locations":[{"start":{"line":68,"column":22},"end":{"line":68,"column":34}},{"start":{"line":68,"column":34},"end":{"line":68,"column":null}}],"line":68},"10":{"loc":{"start":{"line":73,"column":12},"end":{"line":73,"column":null}},"type":"cond-expr","locations":[{"start":{"line":73,"column":22},"end":{"line":73,"column":27}},{"start":{"line":73,"column":27},"end":{"line":73,"column":null}}],"line":73},"11":{"loc":{"start":{"line":87,"column":56},"end":{"line":87,"column":null}},"type":"cond-expr","locations":[{"start":{"line":87,"column":66},"end":{"line":87,"column":83}},{"start":{"line":87,"column":83},"end":{"line":87,"column":null}}],"line":87},"12":{"loc":{"start":{"line":94,"column":10},"end":{"line":94,"column":null}},"type":"cond-expr","locations":[{"start":{"line":94,"column":20},"end":{"line":94,"column":25}},{"start":{"line":94,"column":25},"end":{"line":94,"column":null}}],"line":94},"13":{"loc":{"start":{"line":99,"column":12},"end":{"line":99,"column":null}},"type":"cond-expr","locations":[{"start":{"line":99,"column":22},"end":{"line":99,"column":39}},{"start":{"line":99,"column":39},"end":{"line":99,"column":null}}],"line":99},"14":{"loc":{"start":{"line":107,"column":12},"end":{"line":107,"column":null}},"type":"cond-expr","locations":[{"start":{"line":107,"column":22},"end":{"line":107,"column":39}},{"start":{"line":107,"column":39},"end":{"line":107,"column":null}}],"line":107},"15":{"loc":{"start":{"line":108,"column":14},"end":{"line":108,"column":null}},"type":"cond-expr","locations":[{"start":{"line":108,"column":24},"end":{"line":108,"column":29}},{"start":{"line":108,"column":29},"end":{"line":108,"column":null}}],"line":108},"16":{"loc":{"start":{"line":109,"column":17},"end":{"line":109,"column":null}},"type":"cond-expr","locations":[{"start":{"line":109,"column":27},"end":{"line":109,"column":34}},{"start":{"line":109,"column":34},"end":{"line":109,"column":null}}],"line":109},"17":{"loc":{"start":{"line":111,"column":11},"end":{"line":111,"column":null}},"type":"cond-expr","locations":[{"start":{"line":111,"column":21},"end":{"line":111,"column":28}},{"start":{"line":111,"column":28},"end":{"line":111,"column":null}}],"line":111}},"s":{"0":2,"1":2,"2":13,"3":13,"4":0,"5":13,"6":0,"7":13,"8":2,"9":13,"10":13,"11":13,"12":182,"13":13,"14":2,"15":13,"16":13,"17":13,"18":13,"19":13,"20":0,"21":13},"f":{"0":13,"1":13,"2":13},"b":{"0":[0,13],"1":[0,13],"2":[13],"3":[13],"4":[13],"5":[13,0],"6":[13,0],"7":[13,0],"8":[0,13],"9":[0,0],"10":[0,0],"11":[13,0],"12":[13,0],"13":[13,0],"14":[13,0],"15":[13,0],"16":[13,0],"17":[13,0]},"meta":{"lastBranch":18,"lastFunction":3,"lastStatement":22,"seen":{"s:11:23:18:Infinity":0,"s:20:6:25:Infinity":1,"f:20:6:20:21":0,"s:21:17:21:Infinity":2,"b:22:2:22:Infinity:undefined:undefined:undefined:undefined":0,"s:22:2:22:Infinity":3,"s:22:27:22:Infinity":4,"b:23:2:23:Infinity:undefined:undefined:undefined:undefined":1,"s:23:2:23:Infinity":5,"s:23:27:23:Infinity":6,"s:24:2:24:Infinity":7,"s:27:6:33:Infinity":8,"f:27:6:27:24":1,"s:28:13:28:Infinity":9,"s:29:2:31:Infinity":10,"s:29:15:29:18":11,"s:30:4:30:Infinity":12,"s:32:2:32:Infinity":13,"s:35:13:116:Infinity":14,"f:35:13:35:28":2,"b:38:14:38:Infinity":2,"b:40:14:40:Infinity":3,"b:41:12:41:Infinity":4,"s:43:18:43:Infinity":15,"s:44:18:44:Infinity":16,"s:46:20:55:Infinity":17,"b:49:8:49:Infinity:50:8:50:Infinity":5,"b:52:8:52:Infinity:53:8:53:Infinity":6,"s:57:17:61:Infinity":18,"b:59:14:59:26:59:26:59:Infinity":7,"b:63:2:81:Infinity:undefined:undefined:undefined:undefined":8,"s:63:2:81:Infinity":19,"s:64:4:79:Infinity":20,"b:68:22:68:34:68:34:68:Infinity":9,"b:73:22:73:27:73:27:73:Infinity":10,"s:83:2:114:Infinity":21,"b:87:66:87:83:87:83:87:Infinity":11,"b:94:20:94:25:94:25:94:Infinity":12,"b:99:22:99:39:99:39:99:Infinity":13,"b:107:22:107:39:107:39:107:Infinity":14,"b:108:24:108:29:108:29:108:Infinity":15,"b:109:27:109:34:109:34:109:Infinity":16,"b:111:21:111:28:111:28:111:Infinity":17},"fnNames":{}}}
,"C:\\Users\\VICTUS\\Programacion\\move360-frontend\\src\\components\\common\\SegmentedControl\\SegmentedControl.tsx": {"path":"C:\\Users\\VICTUS\\Programacion\\move360-frontend\\src\\components\\common\\SegmentedControl\\SegmentedControl.tsx","statementMap":{"0":{"start":{"line":16,"column":6},"end":{"line":63,"column":null}},"1":{"start":{"line":17,"column":19},"end":{"line":17,"column":null}},"2":{"start":{"line":18,"column":23},"end":{"line":18,"column":null}},"3":{"start":{"line":20,"column":24},"end":{"line":20,"column":null}},"4":{"start":{"line":20,"column":49},"end":{"line":20,"column":73}},"5":{"start":{"line":22,"column":8},"end":{"line":25,"column":null}},"6":{"start":{"line":23,"column":4},"end":{"line":23,"column":null}},"7":{"start":{"line":24,"column":4},"end":{"line":24,"column":null}},"8":{"start":{"line":27,"column":2},"end":{"line":61,"column":null}},"9":{"start":{"line":46,"column":10},"end":{"line":58,"column":null}},"10":{"start":{"line":53,"column":27},"end":{"line":53,"column":null}}},"fnMap":{"0":{"name":"(anonymous_0)","decl":{"start":{"line":16,"column":6},"end":{"line":16,"column":26}},"loc":{"start":{"line":16,"column":98},"end":{"line":63,"column":null}},"line":16},"1":{"name":"(anonymous_1)","decl":{"start":{"line":20,"column":32},"end":{"line":20,"column":43}},"loc":{"start":{"line":20,"column":49},"end":{"line":20,"column":73}},"line":20},"2":{"name":"(anonymous_2)","decl":{"start":{"line":22,"column":8},"end":{"line":22,"column":24}},"loc":{"start":{"line":22,"column":40},"end":{"line":25,"column":null}},"line":22},"3":{"name":"(anonymous_3)","decl":{"start":{"line":45,"column":17},"end":{"line":45,"column":22}},"loc":{"start":{"line":46,"column":10},"end":{"line":58,"column":null}},"line":46},"4":{"name":"(anonymous_4)","decl":{"start":{"line":53,"column":12},"end":{"line":53,"column":27}},"loc":{"start":{"line":53,"column":27},"end":{"line":53,"column":null}},"line":53}},"branchMap":{"0":{"loc":{"start":{"line":16,"column":54},"end":{"line":16,"column":98}},"type":"default-arg","locations":[{"start":{"line":16,"column":62},"end":{"line":16,"column":98}}],"line":16},"1":{"loc":{"start":{"line":18,"column":23},"end":{"line":18,"column":null}},"type":"binary-expr","locations":[{"start":{"line":18,"column":23},"end":{"line":18,"column":32}},{"start":{"line":18,"column":32},"end":{"line":18,"column":null}}],"line":18},"2":{"loc":{"start":{"line":35,"column":9},"end":{"line":45,"column":17}},"type":"binary-expr","locations":[{"start":{"line":35,"column":9},"end":{"line":35,"column":null}},{"start":{"line":36,"column":10},"end":{"line":45,"column":17}}],"line":35},"3":{"loc":{"start":{"line":51,"column":14},"end":{"line":51,"column":null}},"type":"cond-expr","locations":[{"start":{"line":51,"column":46},"end":{"line":51,"column":77}},{"start":{"line":51,"column":77},"end":{"line":51,"column":null}}],"line":51},"4":{"loc":{"start":{"line":56,"column":13},"end":{"line":57,"column":13}},"type":"binary-expr","locations":[{"start":{"line":56,"column":13},"end":{"line":56,"column":28}},{"start":{"line":56,"column":28},"end":{"line":57,"column":13}}],"line":56}},"s":{"0":1,"1":0,"2":0,"3":0,"4":0,"5":0,"6":0,"7":0,"8":0,"9":0,"10":0},"f":{"0":0,"1":0,"2":0,"3":0,"4":0},"b":{"0":[0],"1":[0,0],"2":[0,0],"3":[0,0],"4":[0,0]},"meta":{"lastBranch":5,"lastFunction":5,"lastStatement":11,"seen":{"s:16:6:63:Infinity":0,"f:16:6:16:26":0,"b:16:62:16:98":0,"s:17:19:17:Infinity":1,"s:18:23:18:Infinity":2,"b:18:23:18:32:18:32:18:Infinity":1,"s:20:24:20:Infinity":3,"f:20:32:20:43":1,"s:20:49:20:73":4,"s:22:8:25:Infinity":5,"f:22:8:22:24":2,"s:23:4:23:Infinity":6,"s:24:4:24:Infinity":7,"s:27:2:61:Infinity":8,"b:35:9:35:Infinity:36:10:45:17":2,"f:45:17:45:22":3,"s:46:10:58:Infinity":9,"b:51:46:51:77:51:77:51:Infinity":3,"f:53:12:53:27":4,"s:53:27:53:Infinity":10,"b:56:13:56:28:56:28:57:13":4},"fnNames":{}}}
,"C:\\Users\\VICTUS\\Programacion\\move360-frontend\\src\\components\\dashboard\\AddItemModal.tsx": {"path":"C:\\Users\\VICTUS\\Programacion\\move360-frontend\\src\\components\\dashboard\\AddItemModal.tsx","statementMap":{"0":{"start":{"line":14,"column":13},"end":{"line":32,"column":null}},"1":{"start":{"line":15,"column":17},"end":{"line":15,"column":null}},"2":{"start":{"line":17,"column":2},"end":{"line":30,"column":null}},"3":{"start":{"line":22,"column":27},"end":{"line":22,"column":null}},"4":{"start":{"line":28,"column":49},"end":{"line":28,"column":68}}},"fnMap":{"0":{"name":"(anonymous_0)","decl":{"start":{"line":14,"column":13},"end":{"line":14,"column":29}},"loc":{"start":{"line":14,"column":62},"end":{"line":32,"column":null}},"line":14},"1":{"name":"(anonymous_1)","decl":{"start":{"line":22,"column":10},"end":{"line":22,"column":21}},"loc":{"start":{"line":22,"column":27},"end":{"line":22,"column":null}},"line":22},"2":{"name":"(anonymous_2)","decl":{"start":{"line":28,"column":34},"end":{"line":28,"column":49}},"loc":{"start":{"line":28,"column":49},"end":{"line":28,"column":68}},"line":28}},"branchMap":{},"s":{"0":1,"1":0,"2":0,"3":0,"4":0},"f":{"0":0,"1":0,"2":0},"b":{},"meta":{"lastBranch":0,"lastFunction":3,"lastStatement":5,"seen":{"s:14:13:32:Infinity":0,"f:14:13:14:29":0,"s:15:17:15:Infinity":1,"s:17:2:30:Infinity":2,"f:22:10:22:21":1,"s:22:27:22:Infinity":3,"f:28:34:28:49":2,"s:28:49:28:68":4},"fnNames":{}}}
[...]
,"C:\\Users\\VICTUS\\Programacion\\move360-frontend\\src\\services\\auth\\firebase.ts": {"path":"C:\\Users\\VICTUS\\Programacion\\move360-frontend\\src\\services\\auth\\firebase.ts","statementMap":{"0":{"start":{"line":4,"column":23},"end":{"line":12,"column":null}},"1":{"start":{"line":14,"column":13},"end":{"line":14,"column":null}},"2":{"start":{"line":15,"column":13},"end":{"line":15,"column":null}}},"fnMap":{},"branchMap":{},"s":{"0":2,"1":2,"2":2},"f":{},"b":{},"meta":{"lastBranch":0,"lastFunction":0,"lastStatement":3,"seen":{"s:4:23:12:Infinity":0,"s:14:13:14:Infinity":1,"s:15:13:15:Infinity":2},"fnNames":{}}}
,"C:\\Users\\VICTUS\\Programacion\\move360-frontend\\src\\services\\graph\\graphService.ts": {"path":"C:\\Users\\VICTUS\\Programacion\\move360-frontend\\src\\services\\graph\\graphService.ts","statementMap":{"0":{"start":{"line":24,"column":15},"end":{"line":30,"column":null}},"1":{"start":{"line":58,"column":19},"end":{"line":58,"column":null}},"2":{"start":{"line":59,"column":2},"end":{"line":59,"column":null}},"3":{"start":{"line":137,"column":8},"end":{"line":137,"column":null}},"4":{"start":{"line":142,"column":20},"end":{"line":142,"column":null}},"5":{"start":{"line":144,"column":4},"end":{"line":146,"column":null}},"6":{"start":{"line":145,"column":29},"end":{"line":145,"column":106}},"7":{"start":{"line":148,"column":2},"end":{"line":172,"column":null}},"8":{"start":{"line":167,"column":40},"end":{"line":171,"column":6}},"9":{"start":{"line":183,"column":12},"end":{"line":183,"column":null}},"10":{"start":{"line":184,"column":2},"end":{"line":200,"column":null}},"11":{"start":{"line":206,"column":12},"end":{"line":206,"column":null}},"12":{"start":{"line":207,"column":2},"end":{"line":221,"column":null}},"13":{"start":{"line":227,"column":19},"end":{"line":227,"column":null}},"14":{"start":{"line":228,"column":2},"end":{"line":228,"column":null}},"15":{"start":{"line":232,"column":19},"end":{"line":232,"column":null}},"16":{"start":{"line":233,"column":2},"end":{"line":233,"column":null}},"17":{"start":{"line":237,"column":2},"end":{"line":237,"column":null}}},"fnMap":{"0":{"name":"getGraphCatalog","decl":{"start":{"line":57,"column":22},"end":{"line":57,"column":71}},"loc":{"start":{"line":57,"column":71},"end":{"line":60,"column":null}},"line":57},"1":{"name":"graphToChartConfig","decl":{"start":{"line":132,"column":16},"end":{"line":132,"column":null}},"loc":{"start":{"line":136,"column":15},"end":{"line":173,"column":null}},"line":136},"2":{"name":"(anonymous_2)","decl":{"start":{"line":145,"column":15},"end":{"line":145,"column":20}},"loc":{"start":{"line":145,"column":29},"end":{"line":145,"column":106}},"line":145},"3":{"name":"(anonymous_3)","decl":{"start":{"line":167,"column":21},"end":{"line":167,"column":26}},"loc":{"start":{"line":167,"column":40},"end":{"line":171,"column":6}},"line":167},"4":{"name":"buildCreateGraphPayload","decl":{"start":{"line":176,"column":16},"end":{"line":176,"column":null}},"loc":{"start":{"line":182,"column":22},"end":{"line":201,"column":null}},"line":182},"5":{"name":"buildUpdateGraphPayload","decl":{"start":{"line":205,"column":16},"end":{"line":205,"column":40}},"loc":{"start":{"line":205,"column":98},"end":{"line":222,"column":null}},"line":205},"6":{"name":"createGraph","decl":{"start":{"line":226,"column":22},"end":{"line":226,"column":34}},"loc":{"start":{"line":226,"column":87},"end":{"line":229,"column":null}},"line":226},"7":{"name":"updateGraph","decl":{"start":{"line":231,"column":22},"end":{"line":231,"column":34}},"loc":{"start":{"line":231,"column":99},"end":{"line":234,"column":null}},"line":231},"8":{"name":"deleteGraph","decl":{"start":{"line":236,"column":22},"end":{"line":236,"column":34}},"loc":{"start":{"line":236,"column":61},"end":{"line":238,"column":null}},"line":236}},"branchMap":{"0":{"loc":{"start":{"line":142,"column":20},"end":{"line":142,"column":null}},"type":"binary-expr","locations":[{"start":{"line":142,"column":20},"end":{"line":142,"column":46}},{"start":{"line":142,"column":46},"end":{"line":142,"column":null}}],"line":142},"1":{"loc":{"start":{"line":144,"column":4},"end":{"line":146,"column":null}},"type":"cond-expr","locations":[{"start":{"line":145,"column":8},"end":{"line":145,"column":null}},{"start":{"line":146,"column":8},"end":{"line":146,"column":null}}],"line":144},"2":{"loc":{"start":{"line":144,"column":4},"end":{"line":144,"column":null}},"type":"binary-expr","locations":[{"start":{"line":144,"column":4},"end":{"line":144,"column":31}},{"start":{"line":144,"column":31},"end":{"line":144,"column":null}}],"line":144},"3":{"loc":{"start":{"line":145,"column":63},"end":{"line":145,"column":104}},"type":"binary-expr","locations":[{"start":{"line":145,"column":63},"end":{"line":145,"column":99}},{"start":{"line":145,"column":99},"end":{"line":145,"column":104}}],"line":145},"4":{"loc":{"start":{"line":165,"column":11},"end":{"line":165,"column":null}},"type":"binary-expr","locations":[{"start":{"line":165,"column":11},"end":{"line":165,"column":22}},{"start":{"line":165,"column":22},"end":{"line":165,"column":null}}],"line":165},"5":{"loc":{"start":{"line":169,"column":13},"end":{"line":169,"column":null}},"type":"binary-expr","locations":[{"start":{"line":169,"column":13},"end":{"line":169,"column":24}},{"start":{"line":169,"column":24},"end":{"line":169,"column":null}}],"line":169},"6":{"loc":{"start":{"line":186,"column":11},"end":{"line":186,"column":null}},"type":"binary-expr","locations":[{"start":{"line":186,"column":11},"end":{"line":186,"column":27}},{"start":{"line":186,"column":27},"end":{"line":186,"column":null}}],"line":186},"7":{"loc":{"start":{"line":196,"column":20},"end":{"line":196,"column":null}},"type":"cond-expr","locations":[{"start":{"line":196,"column":39},"end":{"line":196,"column":58}},{"start":{"line":196,"column":58},"end":{"line":196,"column":null}}],"line":196},"8":{"loc":{"start":{"line":218,"column":20},"end":{"line":218,"column":null}},"type":"cond-expr","locations":[{"start":{"line":218,"column":39},"end":{"line":218,"column":58}},{"start":{"line":218,"column":58},"end":{"line":218,"column":null}}],"line":218}},"s":{"0":1,"1":0,"2":0,"3":0,"4":0,"5":0,"6":0,"7":0,"8":0,"9":0,"10":0,"11":0,"12":0,"13":0,"14":0,"15":0,"16":0,"17":0},"f":{"0":0,"1":0,"2":0,"3":0,"4":0,"5":0,"6":0,"7":0,"8":0},"b":{"0":[0,0],"1":[0,0],"2":[0,0],"3":[0,0],"4":[0,0],"5":[0,0],"6":[0,0],"7":[0,0],"8":[0,0]},"meta":{"lastBranch":9,"lastFunction":9,"lastStatement":18,"seen":{"s:24:15:30:Infinity":0,"f:57:22:57:71":0,"s:58:19:58:Infinity":1,"s:59:2:59:Infinity":2,"f:132:16:132:Infinity":1,"s:137:8:137:Infinity":3,"s:142:20:142:Infinity":4,"b:142:20:142:46:142:46:142:Infinity":0,"s:144:4:146:Infinity":5,"b:145:8:145:Infinity:146:8:146:Infinity":1,"b:144:4:144:31:144:31:144:Infinity":2,"f:145:15:145:20":2,"s:145:29:145:106":6,"b:145:63:145:99:145:99:145:104":3,"s:148:2:172:Infinity":7,"b:165:11:165:22:165:22:165:Infinity":4,"f:167:21:167:26":3,"s:167:40:171:6":8,"b:169:13:169:24:169:24:169:Infinity":5,"f:176:16:176:Infinity":4,"s:183:12:183:Infinity":9,"s:184:2:200:Infinity":10,"b:186:11:186:27:186:27:186:Infinity":6,"b:196:39:196:58:196:58:196:Infinity":7,"f:205:16:205:40":5,"s:206:12:206:Infinity":11,"s:207:2:221:Infinity":12,"b:218:39:218:58:218:58:218:Infinity":8,"f:226:22:226:34":6,"s:227:19:227:Infinity":13,"s:228:2:228:Infinity":14,"f:231:22:231:34":7,"s:232:19:232:Infinity":15,"s:233:2:233:Infinity":16,"f:236:22:236:34":8,"s:237:2:237:Infinity":17},"fnNames":{}}}
,"C:\\Users\\VICTUS\\Programacion\\move360-frontend\\src\\services\\indicator\\indicatorService.ts": {"path":"C:\\Users\\VICTUS\\Programacion\\move360-frontend\\src\\services\\indicator\\indicatorService.ts","statementMap":{"0":{"start":{"line":102,"column":24},"end":{"line":102,"column":null}},"1":{"start":{"line":103,"column":27},"end":{"line":103,"column":null}},"2":{"start":{"line":104,"column":2},"end":{"line":109,"column":null}},"3":{"start":{"line":105,"column":4},"end":{"line":108,"column":null}},"4":{"start":{"line":106,"column":6},"end":{"line":106,"column":null}},"5":{"start":{"line":107,"column":6},"end":{"line":107,"column":null}},"6":{"start":{"line":110,"column":2},"end":{"line":110,"column":null}},"7":{"start":{"line":118,"column":44},"end":{"line":118,"column":null}},"8":{"start":{"line":119,"column":14},"end":{"line":119,"column":null}},"9":{"start":{"line":120,"column":17},"end":{"line":120,"column":null}},"10":{"start":{"line":121,"column":2},"end":{"line":123,"column":null}},"11":{"start":{"line":121,"column":15},"end":{"line":121,"column":18}},"12":{"start":{"line":122,"column":4},"end":{"line":122,"column":null}},"13":{"start":{"line":124,"column":2},"end":{"line":124,"column":null}},"14":{"start":{"line":134,"column":2},"end":{"line":149,"column":null}},"15":{"start":{"line":156,"column":17},"end":{"line":156,"column":null}},"16":{"start":{"line":157,"column":2},"end":{"line":170,"column":null}},"17":{"start":{"line":176,"column":19},"end":{"line":178,"column":null}},"18":{"start":{"line":179,"column":2},"end":{"line":179,"column":null}},"19":{"start":{"line":186,"column":19},"end":{"line":188,"column":null}},"20":{"start":{"line":189,"column":2},"end":{"line":189,"column":null}},"21":{"start":{"line":193,"column":2},"end":{"line":193,"column":null}}},"fnMap":{"0":{"name":"flattenFilters","decl":{"start":{"line":99,"column":16},"end":{"line":99,"column":null}},"loc":{"start":{"line":101,"column":27},"end":{"line":111,"column":null}},"line":101},"1":{"name":"unflattenFilters","decl":{"start":{"line":115,"column":16},"end":{"line":115,"column":null}},"loc":{"start":{"line":117,"column":28},"end":{"line":125,"column":null}},"line":117},"2":{"name":"buildCreatePayload","decl":{"start":{"line":128,"column":16},"end":{"line":128,"column":null}},"loc":{"start":{"line":133,"column":26},"end":{"line":150,"column":null}},"line":133},"3":{"name":"buildUpdatePayload","decl":{"start":{"line":155,"column":16},"end":{"line":155,"column":35}},"loc":{"start":{"line":155,"column":80},"end":{"line":171,"column":null}},"line":155},"4":{"name":"createIndicator","decl":{"start":{"line":173,"column":22},"end":{"line":173,"column":null}},"loc":{"start":{"line":175,"column":36},"end":{"line":180,"column":null}},"line":175},"5":{"name":"updateIndicator","decl":{"start":{"line":182,"column":22},"end":{"line":182,"column":null}},"loc":{"start":{"line":185,"column":30},"end":{"line":190,"column":null}},"line":185},"6":{"name":"deleteIndicator","decl":{"start":{"line":192,"column":22},"end":{"line":192,"column":38}},"loc":{"start":{"line":192,"column":65},"end":{"line":194,"column":null}},"line":192}},"branchMap":{"0":{"loc":{"start":{"line":104,"column":54},"end":{"line":104,"column":67}},"type":"binary-expr","locations":[{"start":{"line":104,"column":54},"end":{"line":104,"column":65}},{"start":{"line":104,"column":65},"end":{"line":104,"column":67}}],"line":104},"1":{"loc":{"start":{"line":119,"column":14},"end":{"line":119,"column":null}},"type":"binary-expr","locations":[{"start":{"line":119,"column":14},"end":{"line":119,"column":30}},{"start":{"line":119,"column":30},"end":{"line":119,"column":null}}],"line":119},"2":{"loc":{"start":{"line":120,"column":17},"end":{"line":120,"column":null}},"type":"binary-expr","locations":[{"start":{"line":120,"column":17},"end":{"line":120,"column":36}},{"start":{"line":120,"column":36},"end":{"line":120,"column":null}}],"line":120},"3":{"loc":{"start":{"line":136,"column":14},"end":{"line":136,"column":null}},"type":"binary-expr","locations":[{"start":{"line":136,"column":14},"end":{"line":136,"column":33}},{"start":{"line":136,"column":33},"end":{"line":136,"column":null}}],"line":136},"4":{"loc":{"start":{"line":137,"column":10},"end":{"line":137,"column":null}},"type":"binary-expr","locations":[{"start":{"line":137,"column":10},"end":{"line":137,"column":25}},{"start":{"line":137,"column":25},"end":{"line":137,"column":null}}],"line":137},"5":{"loc":{"start":{"line":138,"column":18},"end":{"line":138,"column":null}},"type":"binary-expr","locations":[{"start":{"line":138,"column":18},"end":{"line":138,"column":41}},{"start":{"line":138,"column":41},"end":{"line":138,"column":null}}],"line":138},"6":{"loc":{"start":{"line":139,"column":15},"end":{"line":139,"column":null}},"type":"binary-expr","locations":[{"start":{"line":139,"column":15},"end":{"line":139,"column":35}},{"start":{"line":139,"column":35},"end":{"line":139,"column":null}}],"line":139},"7":{"loc":{"start":{"line":143,"column":14},"end":{"line":143,"column":null}},"type":"binary-expr","locations":[{"start":{"line":143,"column":14},"end":{"line":143,"column":33}},{"start":{"line":143,"column":33},"end":{"line":143,"column":null}}],"line":143},"8":{"loc":{"start":{"line":144,"column":13},"end":{"line":144,"column":null}},"type":"binary-expr","locations":[{"start":{"line":144,"column":13},"end":{"line":144,"column":31}},{"start":{"line":144,"column":31},"end":{"line":144,"column":null}}],"line":144},"9":{"loc":{"start":{"line":146,"column":14},"end":{"line":146,"column":null}},"type":"binary-expr","locations":[{"start":{"line":146,"column":14},"end":{"line":146,"column":33}},{"start":{"line":146,"column":33},"end":{"line":146,"column":null}}],"line":146},"10":{"loc":{"start":{"line":159,"column":14},"end":{"line":159,"column":null}},"type":"binary-expr","locations":[{"start":{"line":159,"column":14},"end":{"line":159,"column":33}},{"start":{"line":159,"column":33},"end":{"line":159,"column":null}}],"line":159},"11":{"loc":{"start":{"line":168,"column":14},"end":{"line":168,"column":null}},"type":"binary-expr","locations":[{"start":{"line":168,"column":14},"end":{"line":168,"column":33}},{"start":{"line":168,"column":33},"end":{"line":168,"column":null}}],"line":168}},"s":{"0":0,"1":0,"2":0,"3":0,"4":0,"5":0,"6":0,"7":0,"8":0,"9":0,"10":0,"11":0,"12":0,"13":0,"14":0,"15":0,"16":0,"17":0,"18":0,"19":0,"20":0,"21":0},"f":{"0":0,"1":0,"2":0,"3":0,"4":0,"5":0,"6":0},"b":{"0":[0,0],"1":[0,0],"2":[0,0],"3":[0,0],"4":[0,0],"5":[0,0],"6":[0,0],"7":[0,0],"8":[0,0],"9":[0,0],"10":[0,0],"11":[0,0]},"meta":{"lastBranch":12,"lastFunction":7,"lastStatement":22,"seen":{"f:99:16:99:Infinity":0,"s:102:24:102:Infinity":0,"s:103:27:103:Infinity":1,"s:104:2:109:Infinity":2,"b:104:54:104:65:104:65:104:67":0,"s:105:4:108:Infinity":3,"s:106:6:106:Infinity":4,"s:107:6:107:Infinity":5,"s:110:2:110:Infinity":6,"f:115:16:115:Infinity":1,"s:118:44:118:Infinity":7,"s:119:14:119:Infinity":8,"b:119:14:119:30:119:30:119:Infinity":1,"s:120:17:120:Infinity":9,"b:120:17:120:36:120:36:120:Infinity":2,"s:121:2:123:Infinity":10,"s:121:15:121:18":11,"s:122:4:122:Infinity":12,"s:124:2:124:Infinity":13,"f:128:16:128:Infinity":2,"s:134:2:149:Infinity":14,"b:136:14:136:33:136:33:136:Infinity":3,"b:137:10:137:25:137:25:137:Infinity":4,"b:138:18:138:41:138:41:138:Infinity":5,"b:139:15:139:35:139:35:139:Infinity":6,"b:143:14:143:33:143:33:143:Infinity":7,"b:144:13:144:31:144:31:144:Infinity":8,"b:146:14:146:33:146:33:146:Infinity":9,"f:155:16:155:35":3,"s:156:17:156:Infinity":15,"s:157:2:170:Infinity":16,"b:159:14:159:33:159:33:159:Infinity":10,"b:168:14:168:33:168:33:168:Infinity":11,"f:173:22:173:Infinity":4,"s:176:19:178:Infinity":17,"s:179:2:179:Infinity":18,"f:182:22:182:Infinity":5,"s:186:19:188:Infinity":19,"s:189:2:189:Infinity":20,"f:192:22:192:38":6,"s:193:2:193:Infinity":21},"fnNames":{}}}
,"C:\\Users\\VICTUS\\Programacion\\move360-frontend\\src\\services\\source\\sourceService.ts": {"path":"C:\\Users\\VICTUS\\Programacion\\move360-frontend\\src\\services\\source\\sourceService.ts","statementMap":{"0":{"start":{"line":25,"column":28},"end":{"line":25,"column":null}},"1":{"start":{"line":52,"column":2},"end":{"line":52,"column":null}},"2":{"start":{"line":58,"column":8},"end":{"line":58,"column":null}},"3":{"start":{"line":58,"column":50},"end":{"line":58,"column":69}},"4":{"start":{"line":59,"column":2},"end":{"line":59,"column":null}},"5":{"start":{"line":64,"column":19},"end":{"line":64,"column":null}},"6":{"start":{"line":65,"column":2},"end":{"line":65,"column":null}},"7":{"start":{"line":70,"column":19},"end":{"line":70,"column":null}},"8":{"start":{"line":71,"column":2},"end":{"line":71,"column":null}},"9":{"start":{"line":76,"column":19},"end":{"line":76,"column":null}},"10":{"start":{"line":77,"column":2},"end":{"line":77,"column":null}},"11":{"start":{"line":82,"column":19},"end":{"line":82,"column":null}},"12":{"start":{"line":83,"column":2},"end":{"line":83,"column":null}}},"fnMap":{"0":{"name":"toItem","decl":{"start":{"line":51,"column":9},"end":{"line":51,"column":16}},"loc":{"start":{"line":51,"column":48},"end":{"line":53,"column":null}},"line":51},"1":{"name":"toFilter","decl":{"start":{"line":55,"column":9},"end":{"line":55,"column":18}},"loc":{"start":{"line":55,"column":48},"end":{"line":60,"column":null}},"line":55},"2":{"name":"(anonymous_2)","decl":{"start":{"line":58,"column":36},"end":{"line":58,"column":44}},"loc":{"start":{"line":58,"column":50},"end":{"line":58,"column":69}},"line":58},"3":{"name":"listSources","decl":{"start":{"line":63,"column":22},"end":{"line":63,"column":59}},"loc":{"start":{"line":63,"column":59},"end":{"line":66,"column":null}},"line":63},"4":{"name":"listTables","decl":{"start":{"line":69,"column":22},"end":{"line":69,"column":33}},"loc":{"start":{"line":69,"column":77},"end":{"line":72,"column":null}},"line":69},"5":{"name":"listColumns","decl":{"start":{"line":75,"column":22},"end":{"line":75,"column":34}},"loc":{"start":{"line":75,"column":77},"end":{"line":78,"column":null}},"line":75},"6":{"name":"listFilters","decl":{"start":{"line":81,"column":22},"end":{"line":81,"column":34}},"loc":{"start":{"line":81,"column":79},"end":{"line":84,"column":null}},"line":81}},"branchMap":{"0":{"loc":{"start":{"line":58,"column":18},"end":{"line":58,"column":36}},"type":"binary-expr","locations":[{"start":{"line":58,"column":18},"end":{"line":58,"column":32}},{"start":{"line":58,"column":32},"end":{"line":58,"column":36}}],"line":58}},"s":{"0":1,"1":0,"2":0,"3":0,"4":0,"5":0,"6":0,"7":0,"8":0,"9":0,"10":0,"11":0,"12":0},"f":{"0":0,"1":0,"2":0,"3":0,"4":0,"5":0,"6":0},"b":{"0":[0,0]},"meta":{"lastBranch":1,"lastFunction":7,"lastStatement":13,"seen":{"s:25:28:25:Infinity":0,"f:51:9:51:16":0,"s:52:2:52:Infinity":1,"f:55:9:55:18":1,"s:58:8:58:Infinity":2,"b:58:18:58:32:58:32:58:36":0,"f:58:36:58:44":2,"s:58:50:58:69":3,"s:59:2:59:Infinity":4,"f:63:22:63:59":3,"s:64:19:64:Infinity":5,"s:65:2:65:Infinity":6,"f:69:22:69:33":4,"s:70:19:70:Infinity":7,"s:71:2:71:Infinity":8,"f:75:22:75:34":5,"s:76:19:76:Infinity":9,"s:77:2:77:Infinity":10,"f:81:22:81:34":6,"s:82:19:82:Infinity":11,"s:83:2:83:Infinity":12},"fnNames":{}}}
}
